<?xml version="1.0" encoding="utf-8"?>
<test-run id="2" testcasecount="1" result="Failed(Child)" total="1" passed="0" failed="1" inconclusive="0" skipped="0" asserts="0" engine-version="3.5.0.0" clr-version="4.0.30319.42000" start-time="2025-09-27 16:52:45Z" end-time="2025-09-27 16:52:45Z" duration="0,0233603">
  <test-suite type="TestSuite" id="1732" name="HoMM2.0" fullname="HoMM2.0" runstate="Runnable" testcasecount="566" result="Failed" site="Child" start-time="2025-09-27 16:52:45Z" end-time="2025-09-27 16:52:45Z" duration="0.023360" total="1" passed="0" failed="1" inconclusive="0" skipped="0" asserts="0">
    <properties>
      <property name="platform" value="EditMode" />
    </properties>
    <failure>
      <message><![CDATA[One or more child tests had errors]]></message>
    </failure>
    <test-suite type="Assembly" id="1168" name="EditModeTests.dll" fullname="D:/Projects/Unity/HoMM2.0/Library/ScriptAssemblies/EditModeTests.dll" runstate="Runnable" testcasecount="148" result="Failed" site="Child" start-time="2025-09-27 16:52:45Z" end-time="2025-09-27 16:52:45Z" duration="0.008534" total="1" passed="0" failed="1" inconclusive="0" skipped="0" asserts="0">
      <properties>
        <property name="_PID" value="17712" />
        <property name="_APPDOMAIN" value="Unity Child Domain" />
        <property name="platform" value="EditMode" />
        <property name="EditorOnly" value="True" />
      </properties>
      <failure>
        <message><![CDATA[One or more child tests had errors]]></message>
      </failure>
      <test-suite type="TestSuite" id="1169" name="Tests" fullname="Tests" runstate="Runnable" testcasecount="148" result="Failed" site="Child" start-time="2025-09-27 16:52:45Z" end-time="2025-09-27 16:52:45Z" duration="0.006559" total="1" passed="0" failed="1" inconclusive="0" skipped="0" asserts="0">
        <properties />
        <failure>
          <message><![CDATA[One or more child tests had errors]]></message>
        </failure>
        <test-suite type="TestSuite" id="1170" name="EditMode" fullname="Tests.EditMode" runstate="Runnable" testcasecount="148" result="Failed" site="Child" start-time="2025-09-27 16:52:45Z" end-time="2025-09-27 16:52:45Z" duration="0.003740" total="1" passed="0" failed="1" inconclusive="0" skipped="0" asserts="0">
          <properties />
          <failure>
            <message><![CDATA[One or more child tests had errors]]></message>
          </failure>
          <test-suite type="TestSuite" id="1180" name="ActionHandlers" fullname="Tests.EditMode.ActionHandlers" runstate="Runnable" testcasecount="12" result="Failed" site="Child" start-time="2025-09-27 16:52:45Z" end-time="2025-09-27 16:52:45Z" duration="0.002730" total="1" passed="0" failed="1" inconclusive="0" skipped="0" asserts="0">
            <properties />
            <failure>
              <message><![CDATA[One or more child tests had errors]]></message>
            </failure>
            <test-suite type="TestFixture" id="1156" name="MoveThenAttackHandlerTests" fullname="Tests.EditMode.ActionHandlers.MoveThenAttackHandlerTests" classname="Tests.EditMode.ActionHandlers.MoveThenAttackHandlerTests" runstate="Runnable" testcasecount="3" result="Failed" site="Child" start-time="2025-09-27 16:52:45Z" end-time="2025-09-27 16:52:45Z" duration="0.002029" total="1" passed="0" failed="1" inconclusive="0" skipped="0" asserts="0">
              <properties />
              <failure>
                <message><![CDATA[One or more child tests had errors]]></message>
              </failure>
              <test-case id="1158" name="CanExecute_NoTarget_ReturnsFalse" fullname="Tests.EditMode.ActionHandlers.MoveThenAttackHandlerTests.CanExecute_NoTarget_ReturnsFalse" methodname="CanExecute_NoTarget_ReturnsFalse" classname="Tests.EditMode.ActionHandlers.MoveThenAttackHandlerTests" runstate="Runnable" seed="570542644" result="Failed" label="Error" start-time="2025-09-27 16:52:45Z" end-time="2025-09-27 16:52:45Z" duration="0.000460" asserts="0">
                <properties>
                  <property name="retryIteration" value="0" />
                  <property name="repeatIteration" value="0" />
                </properties>
                <failure>
                  <message><![CDATA[System.NullReferenceException : Object reference not set to an instance of an object]]></message>
                  <stack-trace><![CDATA[  at AttackActionHandler.CanExecute (ActionContext ctx) [0x00056] in D:\Projects\Unity\HoMM2.0\Assets\Scripts\Game\ActionContext\ActionHandlers\AttackActionHandler.cs:42 
  at MoveThenAttackHandler.CanExecute (ActionContext ctx) [0x00023] in D:\Projects\Unity\HoMM2.0\Assets\Scripts\Game\ActionContext\ActionHandlers\MoveThenAttackHandler.cs:40 
  at Tests.EditMode.ActionHandlers.MoveThenAttackHandlerTests.CanExecute_NoTarget_ReturnsFalse () [0x0001e] in D:\Projects\Unity\HoMM2.0\Assets\Tests\EditMode\ActionHandlers\MoveThenAttackHandlerTests.cs:56 
  at (wrapper managed-to-native) System.Reflection.RuntimeMethodInfo.InternalInvoke(System.Reflection.RuntimeMethodInfo,object,object[],System.Exception&)
  at System.Reflection.RuntimeMethodInfo.Invoke (System.Object obj, System.Reflection.BindingFlags invokeAttr, System.Reflection.Binder binder, System.Object[] parameters, System.Globalization.CultureInfo culture) [0x0006a] in <191a1970a53948f9819ac1d2e4f5c72e>:0 ]]></stack-trace>
                </failure>
                <output><![CDATA[Saving results to: C:/Users/vladp/AppData/LocalLow/DefaultCompany/HoMM2_0\TestResults.xml
]]></output>
              </test-case>
            </test-suite>
          </test-suite>
        </test-suite>
      </test-suite>
    </test-suite>
  </test-suite>
</test-run>