<?xml version="1.0" encoding="utf-8"?>
<test-run id="2" testcasecount="72" result="Failed(Child)" total="72" passed="30" failed="42" inconclusive="0" skipped="0" asserts="0" engine-version="3.5.0.0" clr-version="4.0.30319.42000" start-time="2025-09-27 20:52:16Z" end-time="2025-09-27 20:52:41Z" duration="25,441032">
  <test-suite type="TestSuite" id="1412" name="HoMM2.0" fullname="HoMM2.0" runstate="Runnable" testcasecount="336" result="Failed" site="Child" start-time="2025-09-27 20:52:16Z" end-time="2025-09-27 20:52:41Z" duration="25.441032" total="72" passed="30" failed="42" inconclusive="0" skipped="0" asserts="0">
    <properties>
      <property name="platform" value="PlayMode" />
    </properties>
    <failure>
      <message><![CDATA[One or more child tests had errors]]></message>
    </failure>
    <test-suite type="Assembly" id="1089" name="PlayModeTests.dll" fullname="D:/Projects/Unity/HoMM2.0/Library/ScriptAssemblies/PlayModeTests.dll" runstate="Runnable" testcasecount="72" result="Failed" site="Child" start-time="2025-09-27 20:52:16Z" end-time="2025-09-27 20:52:41Z" duration="25.416564" total="72" passed="30" failed="42" inconclusive="0" skipped="0" asserts="0">
      <properties>
        <property name="_PID" value="22440" />
        <property name="_APPDOMAIN" value="Unity Child Domain" />
        <property name="platform" value="PlayMode" />
        <property name="EditorOnly" value="False" />
      </properties>
      <failure>
        <message><![CDATA[One or more child tests had errors]]></message>
      </failure>
      <test-suite type="TestFixture" id="1001" name="Network_RemoveAndDeathIntegrationTest" fullname="Network_RemoveAndDeathIntegrationTest" classname="Network_RemoveAndDeathIntegrationTest" runstate="Runnable" testcasecount="1" result="Failed" site="Child" start-time="2025-09-27 20:52:16Z" end-time="2025-09-27 20:52:16Z" duration="0.137043" total="1" passed="0" failed="1" inconclusive="0" skipped="0" asserts="0">
        <properties />
        <failure>
          <message><![CDATA[One or more child tests had errors]]></message>
        </failure>
        <test-case id="1002" name="Unit_Death_Removes_View_And_TurnSystem_Entry" fullname="Network_RemoveAndDeathIntegrationTest.Unit_Death_Removes_View_And_TurnSystem_Entry" methodname="Unit_Death_Removes_View_And_TurnSystem_Entry" classname="Network_RemoveAndDeathIntegrationTest" runstate="Runnable" seed="1579952010" result="Failed" start-time="2025-09-27 20:52:16Z" end-time="2025-09-27 20:52:16Z" duration="0.104474" asserts="0">
          <properties>
            <property name="_JOINTYPE" value="UnityCombinatorial" />
            <property name="retryIteration" value="0" />
            <property name="repeatIteration" value="0" />
          </properties>
          <failure>
            <message><![CDATA[  Expected: True
  But was:  False
]]></message>
            <stack-trace><![CDATA[at Network_RemoveAndDeathIntegrationTest+<Unit_Death_Removes_View_And_TurnSystem_Entry>d__0.MoveNext () [0x001e7] in D:\Projects\Unity\HoMM2.0\Assets\Tests\PlayMode\Network_RemoveAndDeathIntegrationTest.cs:52
at UnityEngine.TestTools.TestEnumerator+<Execute>d__7.MoveNext () [0x0004e] in .\Library\PackageCache\com.unity.test-framework@0a21eb82d95c\UnityEngine.TestRunner\NUnitExtensions\Attributes\TestEnumerator.cs:44
]]></stack-trace>
          </failure>
          <output><![CDATA[You are trying to create a MonoBehaviour using the 'new' keyword.  This is not allowed.  MonoBehaviours can only be added using AddComponent(). Alternatively, your script can inherit from ScriptableObject or no base class at all
unit spawned (1, 1)
unitViewUI null ref
]]></output>
        </test-case>
      </test-suite>
      <test-suite type="TestSuite" id="1090" name="Tests" fullname="Tests" runstate="Runnable" testcasecount="71" result="Failed" site="Child" start-time="2025-09-27 20:52:16Z" end-time="2025-09-27 20:52:41Z" duration="25.263266" total="71" passed="30" failed="41" inconclusive="0" skipped="0" asserts="0">
        <properties />
        <failure>
          <message><![CDATA[One or more child tests had errors]]></message>
        </failure>
        <test-suite type="TestSuite" id="1091" name="PlayMode" fullname="Tests.PlayMode" runstate="Runnable" testcasecount="71" result="Failed" site="Child" start-time="2025-09-27 20:52:16Z" end-time="2025-09-27 20:52:41Z" duration="25.241663" total="71" passed="30" failed="41" inconclusive="0" skipped="0" asserts="0">
          <properties />
          <failure>
            <message><![CDATA[One or more child tests had errors]]></message>
          </failure>
          <test-suite type="TestSuite" id="1096" name="Combat" fullname="Tests.PlayMode.Combat" runstate="Runnable" testcasecount="2" result="Failed" site="Child" start-time="2025-09-27 20:52:16Z" end-time="2025-09-27 20:52:16Z" duration="0.586566" total="2" passed="0" failed="2" inconclusive="0" skipped="0" asserts="0">
            <properties />
            <failure>
              <message><![CDATA[One or more child tests had errors]]></message>
            </failure>
            <test-suite type="TestFixture" id="1081" name="TurnSystemIntegrationTests" fullname="Tests.PlayMode.Combat.TurnSystemIntegrationTests" classname="Tests.PlayMode.Combat.TurnSystemIntegrationTests" runstate="Runnable" testcasecount="2" result="Failed" site="Child" start-time="2025-09-27 20:52:16Z" end-time="2025-09-27 20:52:16Z" duration="0.571621" total="2" passed="0" failed="2" inconclusive="0" skipped="0" asserts="0">
              <properties />
              <failure>
                <message><![CDATA[One or more child tests had errors]]></message>
              </failure>
              <test-case id="1082" name="DeadUnit_DoesNotReceiveTurn_And_RemainsInactive" fullname="Tests.PlayMode.Combat.TurnSystemIntegrationTests.DeadUnit_DoesNotReceiveTurn_And_RemainsInactive" methodname="DeadUnit_DoesNotReceiveTurn_And_RemainsInactive" classname="Tests.PlayMode.Combat.TurnSystemIntegrationTests" runstate="Runnable" seed="745695530" result="Failed" start-time="2025-09-27 20:52:16Z" end-time="2025-09-27 20:52:16Z" duration="0.269420" asserts="0">
                <properties>
                  <property name="_JOINTYPE" value="UnityCombinatorial" />
                  <property name="retryIteration" value="0" />
                  <property name="repeatIteration" value="0" />
                </properties>
                <failure>
                  <message><![CDATA[  Expected: False
  But was:  True
]]></message>
                  <stack-trace><![CDATA[at Tests.PlayMode.Combat.TurnSystemIntegrationTests+<DeadUnit_DoesNotReceiveTurn_And_RemainsInactive>d__13.MoveNext () [0x0006b] in D:\Projects\Unity\HoMM2.0\Assets\Tests\PlayMode\Combat\TurnSystemIntegrationTests.cs:70
at UnityEngine.TestTools.TestEnumerator+<Execute>d__7.MoveNext () [0x0004e] in .\Library\PackageCache\com.unity.test-framework@0a21eb82d95c\UnityEngine.TestRunner\NUnitExtensions\Attributes\TestEnumerator.cs:44
]]></stack-trace>
                </failure>
                <output><![CDATA[unitViewUI null ref
unitViewUI null ref
Archer takes turn
Archer takes turn
]]></output>
              </test-case>
              <test-case id="1083" name="DeadUnit_DoesNotTriggerMoveHighlights_OnItsTurn" fullname="Tests.PlayMode.Combat.TurnSystemIntegrationTests.DeadUnit_DoesNotTriggerMoveHighlights_OnItsTurn" methodname="DeadUnit_DoesNotTriggerMoveHighlights_OnItsTurn" classname="Tests.PlayMode.Combat.TurnSystemIntegrationTests" runstate="Runnable" seed="1483844490" result="Failed" start-time="2025-09-27 20:52:16Z" end-time="2025-09-27 20:52:16Z" duration="0.285420" asserts="0">
                <properties>
                  <property name="_JOINTYPE" value="UnityCombinatorial" />
                  <property name="retryIteration" value="0" />
                  <property name="repeatIteration" value="0" />
                </properties>
                <failure>
                  <message><![CDATA[  Expected: False
  But was:  True
]]></message>
                  <stack-trace><![CDATA[at Tests.PlayMode.Combat.TurnSystemIntegrationTests+<DeadUnit_DoesNotTriggerMoveHighlights_OnItsTurn>d__14.MoveNext () [0x000bb] in D:\Projects\Unity\HoMM2.0\Assets\Tests\PlayMode\Combat\TurnSystemIntegrationTests.cs:95
at UnityEngine.TestTools.TestEnumerator+<Execute>d__7.MoveNext () [0x0004e] in .\Library\PackageCache\com.unity.test-framework@0a21eb82d95c\UnityEngine.TestRunner\NUnitExtensions\Attributes\TestEnumerator.cs:44
]]></stack-trace>
                </failure>
                <output><![CDATA[unitViewUI null ref
unitViewUI null ref
Archer takes turn
Archer takes turn
Turn already taken by first unit Archer
]]></output>
              </test-case>
            </test-suite>
          </test-suite>
          <test-suite type="TestFixture" id="1003" name="ConfigurationDebugTest" fullname="Tests.PlayMode.ConfigurationDebugTest" classname="Tests.PlayMode.ConfigurationDebugTest" runstate="Runnable" testcasecount="2" result="Failed" site="Child" start-time="2025-09-27 20:52:16Z" end-time="2025-09-27 20:52:16Z" duration="0.065800" total="2" passed="0" failed="2" inconclusive="0" skipped="0" asserts="0">
            <properties />
            <failure>
              <message><![CDATA[One or more child tests had errors]]></message>
            </failure>
            <test-case id="1004" name="TestConfigurationFlow" fullname="Tests.PlayMode.ConfigurationDebugTest.TestConfigurationFlow" methodname="TestConfigurationFlow" classname="Tests.PlayMode.ConfigurationDebugTest" runstate="Runnable" seed="476177507" result="Failed" start-time="2025-09-27 20:52:16Z" end-time="2025-09-27 20:52:16Z" duration="0.019631" asserts="0">
              <properties>
                <property name="_JOINTYPE" value="UnityCombinatorial" />
                <property name="retryIteration" value="0" />
                <property name="repeatIteration" value="0" />
              </properties>
              <failure>
                <message><![CDATA[Unhandled log message: '[Error] ❌ SceneTransitionDataService.Instance is null!'. Use UnityEngine.TestTools.LogAssert.Expect]]></message>
                <stack-trace><![CDATA[Tests.PlayMode.ConfigurationDebugTest/<TestConfigurationFlow>d__0:MoveNext () (at Assets/Tests/PlayMode/GridContents/Units/Tests/ConfigurationDebugTest.cs:22)
UnityEngine.SetupCoroutine:InvokeMoveNext (System.Collections.IEnumerator,intptr)

]]></stack-trace>
              </failure>
              <output><![CDATA[=== Configuration Debug Test Started ===
❌ SceneTransitionDataService.Instance is null!
]]></output>
            </test-case>
            <test-case id="1005" name="TestConfigurationProvider" fullname="Tests.PlayMode.ConfigurationDebugTest.TestConfigurationProvider" methodname="TestConfigurationProvider" classname="Tests.PlayMode.ConfigurationDebugTest" runstate="Runnable" seed="1415929166" result="Failed" start-time="2025-09-27 20:52:16Z" end-time="2025-09-27 20:52:16Z" duration="0.027018" asserts="0">
              <properties>
                <property name="_JOINTYPE" value="UnityCombinatorial" />
                <property name="retryIteration" value="0" />
                <property name="repeatIteration" value="0" />
              </properties>
              <failure>
                <message><![CDATA[Unhandled log message: '[Error] ❌ SceneTransitionDataService.Instance is null!'. Use UnityEngine.TestTools.LogAssert.Expect]]></message>
                <stack-trace><![CDATA[Tests.PlayMode.ConfigurationDebugTest/<TestConfigurationProvider>d__1:MoveNext () (at Assets/Tests/PlayMode/GridContents/Units/Tests/ConfigurationDebugTest.cs:62)
UnityEngine.SetupCoroutine:InvokeMoveNext (System.Collections.IEnumerator,intptr)

]]></stack-trace>
              </failure>
              <output><![CDATA[=== Configuration Provider Test Started ===
❌ SceneTransitionDataService.Instance is null!
]]></output>
            </test-case>
          </test-suite>
          <test-suite type="TestFixture" id="1006" name="ConfigurationIntegrationTests" fullname="Tests.PlayMode.ConfigurationIntegrationTests" classname="Tests.PlayMode.ConfigurationIntegrationTests" runstate="Runnable" testcasecount="4" result="Failed" site="Child" start-time="2025-09-27 20:52:16Z" end-time="2025-09-27 20:52:17Z" duration="0.276160" total="4" passed="0" failed="4" inconclusive="0" skipped="0" asserts="0">
            <properties />
            <failure>
              <message><![CDATA[One or more child tests had errors]]></message>
            </failure>
            <test-case id="1007" name="TestConfigurationLoading" fullname="Tests.PlayMode.ConfigurationIntegrationTests.TestConfigurationLoading" methodname="TestConfigurationLoading" classname="Tests.PlayMode.ConfigurationIntegrationTests" runstate="Runnable" seed="105512952" result="Failed" start-time="2025-09-27 20:52:17Z" end-time="2025-09-27 20:52:17Z" duration="0.027177" asserts="0">
              <properties>
                <property name="_JOINTYPE" value="UnityCombinatorial" />
                <property name="retryIteration" value="0" />
                <property name="repeatIteration" value="0" />
              </properties>
              <failure>
                <message><![CDATA[SetUp : Unhandled log message: '[Exception] NullReferenceException: Object reference not set to an instance of an object'. Use UnityEngine.TestTools.LogAssert.Expect]]></message>
                <stack-trace><![CDATA[GameController.CreateGridContent (GridContentEntrySO unitContentEntrySO) (at Assets/Scripts/Game/Controllers/GameController.cs:51)
GameController.Setup (GameSceneConfigurationProvider gameConfigurationProvider) (at Assets/Scripts/Game/Controllers/GameController.cs:38)
GameController.Start () (at Assets/Scripts/Game/Controllers/GameController.cs:25)

]]></stack-trace>
              </failure>
              <output><![CDATA[[SceneTransitionDataService] No configurations found in transition data yet - waiting for LobbySceneInitializer
NullReferenceException: Object reference not set to an instance of an object
GameController.CreateGridContent (GridContentEntrySO unitContentEntrySO) (at Assets/Scripts/Game/Controllers/GameController.cs:51)
GameController.Setup (GameSceneConfigurationProvider gameConfigurationProvider) (at Assets/Scripts/Game/Controllers/GameController.cs:38)
GameController.Start () (at Assets/Scripts/Game/Controllers/GameController.cs:25)

]]></output>
            </test-case>
            <test-case id="1008" name="TestConfigurationSelection" fullname="Tests.PlayMode.ConfigurationIntegrationTests.TestConfigurationSelection" methodname="TestConfigurationSelection" classname="Tests.PlayMode.ConfigurationIntegrationTests" runstate="Runnable" seed="1334163548" result="Failed" start-time="2025-09-27 20:52:17Z" end-time="2025-09-27 20:52:17Z" duration="0.030026" asserts="0">
              <properties>
                <property name="_JOINTYPE" value="UnityCombinatorial" />
                <property name="retryIteration" value="0" />
                <property name="repeatIteration" value="0" />
              </properties>
              <failure>
                <message><![CDATA[SetUp : Unhandled log message: '[Exception] NullReferenceException: Object reference not set to an instance of an object'. Use UnityEngine.TestTools.LogAssert.Expect]]></message>
                <stack-trace><![CDATA[GameController.CreateGridContent (GridContentEntrySO unitContentEntrySO) (at Assets/Scripts/Game/Controllers/GameController.cs:51)
GameController.Setup (GameSceneConfigurationProvider gameConfigurationProvider) (at Assets/Scripts/Game/Controllers/GameController.cs:38)
GameController.Start () (at Assets/Scripts/Game/Controllers/GameController.cs:25)

]]></stack-trace>
              </failure>
              <output><![CDATA[[SceneTransitionDataService] No configurations found in transition data yet - waiting for LobbySceneInitializer
NullReferenceException: Object reference not set to an instance of an object
GameController.CreateGridContent (GridContentEntrySO unitContentEntrySO) (at Assets/Scripts/Game/Controllers/GameController.cs:51)
GameController.Setup (GameSceneConfigurationProvider gameConfigurationProvider) (at Assets/Scripts/Game/Controllers/GameController.cs:38)
GameController.Start () (at Assets/Scripts/Game/Controllers/GameController.cs:25)

]]></output>
            </test-case>
            <test-case id="1009" name="TestGameControllerConfigurationProvider" fullname="Tests.PlayMode.ConfigurationIntegrationTests.TestGameControllerConfigurationProvider" methodname="TestGameControllerConfigurationProvider" classname="Tests.PlayMode.ConfigurationIntegrationTests" runstate="Runnable" seed="129762637" result="Failed" start-time="2025-09-27 20:52:17Z" end-time="2025-09-27 20:52:17Z" duration="0.032555" asserts="0">
              <properties>
                <property name="_JOINTYPE" value="UnityCombinatorial" />
                <property name="retryIteration" value="0" />
                <property name="repeatIteration" value="0" />
              </properties>
              <failure>
                <message><![CDATA[SetUp : Unhandled log message: '[Exception] NullReferenceException: Object reference not set to an instance of an object'. Use UnityEngine.TestTools.LogAssert.Expect]]></message>
                <stack-trace><![CDATA[GameController.CreateGridContent (GridContentEntrySO unitContentEntrySO) (at Assets/Scripts/Game/Controllers/GameController.cs:51)
GameController.Setup (GameSceneConfigurationProvider gameConfigurationProvider) (at Assets/Scripts/Game/Controllers/GameController.cs:38)
GameController.Start () (at Assets/Scripts/Game/Controllers/GameController.cs:25)

]]></stack-trace>
              </failure>
              <output><![CDATA[[SceneTransitionDataService] No configurations found in transition data yet - waiting for LobbySceneInitializer
NullReferenceException: Object reference not set to an instance of an object
GameController.CreateGridContent (GridContentEntrySO unitContentEntrySO) (at Assets/Scripts/Game/Controllers/GameController.cs:51)
GameController.Setup (GameSceneConfigurationProvider gameConfigurationProvider) (at Assets/Scripts/Game/Controllers/GameController.cs:38)
GameController.Start () (at Assets/Scripts/Game/Controllers/GameController.cs:25)

]]></output>
            </test-case>
            <test-case id="1010" name="TestGridContentCreation" fullname="Tests.PlayMode.ConfigurationIntegrationTests.TestGridContentCreation" methodname="TestGridContentCreation" classname="Tests.PlayMode.ConfigurationIntegrationTests" runstate="Runnable" seed="717597769" result="Failed" start-time="2025-09-27 20:52:17Z" end-time="2025-09-27 20:52:17Z" duration="0.166961" asserts="0">
              <properties>
                <property name="_JOINTYPE" value="UnityCombinatorial" />
                <property name="retryIteration" value="0" />
                <property name="repeatIteration" value="0" />
              </properties>
              <failure>
                <message><![CDATA[SetUp : Unhandled log message: '[Exception] NullReferenceException: Object reference not set to an instance of an object'. Use UnityEngine.TestTools.LogAssert.Expect]]></message>
                <stack-trace><![CDATA[GameController.CreateGridContent (GridContentEntrySO unitContentEntrySO) (at Assets/Scripts/Game/Controllers/GameController.cs:51)
GameController.Setup (GameSceneConfigurationProvider gameConfigurationProvider) (at Assets/Scripts/Game/Controllers/GameController.cs:38)
GameController.Start () (at Assets/Scripts/Game/Controllers/GameController.cs:25)

]]></stack-trace>
              </failure>
              <output><![CDATA[[SceneTransitionDataService] No configurations found in transition data yet - waiting for LobbySceneInitializer
NullReferenceException: Object reference not set to an instance of an object
GameController.CreateGridContent (GridContentEntrySO unitContentEntrySO) (at Assets/Scripts/Game/Controllers/GameController.cs:51)
GameController.Setup (GameSceneConfigurationProvider gameConfigurationProvider) (at Assets/Scripts/Game/Controllers/GameController.cs:38)
GameController.Start () (at Assets/Scripts/Game/Controllers/GameController.cs:25)

]]></output>
            </test-case>
          </test-suite>
          <test-suite type="TestSuite" id="1093" name="GridContents" fullname="Tests.PlayMode.GridContents" runstate="Runnable" testcasecount="19" result="Failed" site="Child" start-time="2025-09-27 20:52:17Z" end-time="2025-09-27 20:52:26Z" duration="8.922288" total="19" passed="15" failed="4" inconclusive="0" skipped="0" asserts="0">
            <properties />
            <failure>
              <message><![CDATA[One or more child tests had errors]]></message>
            </failure>
            <test-suite type="TestSuite" id="1094" name="Units" fullname="Tests.PlayMode.GridContents.Units" runstate="Runnable" testcasecount="19" result="Failed" site="Child" start-time="2025-09-27 20:52:17Z" end-time="2025-09-27 20:52:26Z" duration="8.904436" total="19" passed="15" failed="4" inconclusive="0" skipped="0" asserts="0">
              <properties />
              <failure>
                <message><![CDATA[One or more child tests had errors]]></message>
              </failure>
              <test-suite type="TestFixture" id="1055" name="IntegrationTests" fullname="Tests.PlayMode.GridContents.Units.IntegrationTests" classname="Tests.PlayMode.GridContents.Units.IntegrationTests" runstate="Runnable" testcasecount="19" result="Failed" site="Child" start-time="2025-09-27 20:52:17Z" end-time="2025-09-27 20:52:26Z" duration="8.895177" total="19" passed="15" failed="4" inconclusive="0" skipped="0" asserts="0">
                <properties />
                <failure>
                  <message><![CDATA[One or more child tests had errors]]></message>
                </failure>
                <test-case id="1059" name="UnitModel_Combat_Integration_WorksCorrectly" fullname="Tests.PlayMode.GridContents.Units.IntegrationTests.UnitModel_Combat_Integration_WorksCorrectly" methodname="UnitModel_Combat_Integration_WorksCorrectly" classname="Tests.PlayMode.GridContents.Units.IntegrationTests" runstate="Runnable" seed="864926774" result="Passed" start-time="2025-09-27 20:52:17Z" end-time="2025-09-27 20:52:17Z" duration="0.059654" asserts="0">
                  <properties>
                    <property name="_JOINTYPE" value="UnityCombinatorial" />
                    <property name="retryIteration" value="0" />
                    <property name="repeatIteration" value="0" />
                  </properties>
                </test-case>
                <test-case id="1060" name="UnitModel_DamageCalculation_Integration_WorksCorrectly" fullname="Tests.PlayMode.GridContents.Units.IntegrationTests.UnitModel_DamageCalculation_Integration_WorksCorrectly" methodname="UnitModel_DamageCalculation_Integration_WorksCorrectly" classname="Tests.PlayMode.GridContents.Units.IntegrationTests" runstate="Runnable" seed="778655049" result="Passed" start-time="2025-09-27 20:52:17Z" end-time="2025-09-27 20:52:17Z" duration="0.058420" asserts="0">
                  <properties>
                    <property name="_JOINTYPE" value="UnityCombinatorial" />
                    <property name="retryIteration" value="0" />
                    <property name="repeatIteration" value="0" />
                  </properties>
                </test-case>
                <test-case id="1061" name="UnitModel_Death_Integration_WorksCorrectly" fullname="Tests.PlayMode.GridContents.Units.IntegrationTests.UnitModel_Death_Integration_WorksCorrectly" methodname="UnitModel_Death_Integration_WorksCorrectly" classname="Tests.PlayMode.GridContents.Units.IntegrationTests" runstate="Runnable" seed="811872184" result="Passed" start-time="2025-09-27 20:52:17Z" end-time="2025-09-27 20:52:17Z" duration="0.052607" asserts="0">
                  <properties>
                    <property name="_JOINTYPE" value="UnityCombinatorial" />
                    <property name="retryIteration" value="0" />
                    <property name="repeatIteration" value="0" />
                  </properties>
                </test-case>
                <test-case id="1058" name="UnitModel_Movement_Integration_WorksCorrectly" fullname="Tests.PlayMode.GridContents.Units.IntegrationTests.UnitModel_Movement_Integration_WorksCorrectly" methodname="UnitModel_Movement_Integration_WorksCorrectly" classname="Tests.PlayMode.GridContents.Units.IntegrationTests" runstate="Runnable" seed="1858682306" result="Passed" start-time="2025-09-27 20:52:17Z" end-time="2025-09-27 20:52:17Z" duration="0.056876" asserts="0">
                  <properties>
                    <property name="_JOINTYPE" value="UnityCombinatorial" />
                    <property name="retryIteration" value="0" />
                    <property name="repeatIteration" value="0" />
                  </properties>
                </test-case>
                <test-case id="1057" name="UnitModel_StatusEffects_Integration_WorksCorrectly" fullname="Tests.PlayMode.GridContents.Units.IntegrationTests.UnitModel_StatusEffects_Integration_WorksCorrectly" methodname="UnitModel_StatusEffects_Integration_WorksCorrectly" classname="Tests.PlayMode.GridContents.Units.IntegrationTests" runstate="Runnable" seed="385609957" result="Passed" start-time="2025-09-27 20:52:17Z" end-time="2025-09-27 20:52:17Z" duration="0.072448" asserts="0">
                  <properties>
                    <property name="_JOINTYPE" value="UnityCombinatorial" />
                    <property name="retryIteration" value="0" />
                    <property name="repeatIteration" value="0" />
                  </properties>
                </test-case>
                <test-case id="1056" name="UnitModel_UnitViewModel_UnitView3D_Integration_WorksCorrectly" fullname="Tests.PlayMode.GridContents.Units.IntegrationTests.UnitModel_UnitViewModel_UnitView3D_Integration_WorksCorrectly" methodname="UnitModel_UnitViewModel_UnitView3D_Integration_WorksCorrectly" classname="Tests.PlayMode.GridContents.Units.IntegrationTests" runstate="Runnable" seed="75906728" result="Passed" start-time="2025-09-27 20:52:17Z" end-time="2025-09-27 20:52:17Z" duration="0.380531" asserts="0">
                  <properties>
                    <property name="_JOINTYPE" value="UnityCombinatorial" />
                    <property name="retryIteration" value="0" />
                    <property name="repeatIteration" value="0" />
                  </properties>
                  <output><![CDATA[unitViewUI null ref
Archer takes turn
]]></output>
                </test-case>
                <test-case id="1067" name="UnitView3D_Animations_PlayCorrectly" fullname="Tests.PlayMode.GridContents.Units.IntegrationTests.UnitView3D_Animations_PlayCorrectly" methodname="UnitView3D_Animations_PlayCorrectly" classname="Tests.PlayMode.GridContents.Units.IntegrationTests" runstate="Runnable" seed="1499985058" result="Failed" start-time="2025-09-27 20:52:17Z" end-time="2025-09-27 20:52:18Z" duration="0.173958" asserts="0">
                  <properties>
                    <property name="_JOINTYPE" value="UnityCombinatorial" />
                    <property name="retryIteration" value="0" />
                    <property name="repeatIteration" value="0" />
                  </properties>
                  <failure>
                    <message><![CDATA[  Hit animation should play or return to base state
  Expected: True
  But was:  False
]]></message>
                    <stack-trace><![CDATA[at Tests.PlayMode.GridContents.Units.IntegrationTests+<UnitView3D_Animations_PlayCorrectly>d__22.MoveNext () [0x000a0] in D:\Projects\Unity\HoMM2.0\Assets\Tests\PlayMode\IntegrationTests.cs:353
at UnityEngine.TestTools.TestEnumerator+<Execute>d__7.MoveNext () [0x0004e] in .\Library\PackageCache\com.unity.test-framework@0a21eb82d95c\UnityEngine.TestRunner\NUnitExtensions\Attributes\TestEnumerator.cs:44
]]></stack-trace>
                  </failure>
                  <output><![CDATA[Animator is not playing an AnimatorController
Animator is not playing an AnimatorController
]]></output>
                </test-case>
                <test-case id="1063" name="UnitView3D_Attack_DoesNotDeactivateGameObject" fullname="Tests.PlayMode.GridContents.Units.IntegrationTests.UnitView3D_Attack_DoesNotDeactivateGameObject" methodname="UnitView3D_Attack_DoesNotDeactivateGameObject" classname="Tests.PlayMode.GridContents.Units.IntegrationTests" runstate="Runnable" seed="276239359" result="Passed" start-time="2025-09-27 20:52:18Z" end-time="2025-09-27 20:52:20Z" duration="2.057356" asserts="0">
                  <properties>
                    <property name="_JOINTYPE" value="UnityCombinatorial" />
                    <property name="retryIteration" value="0" />
                    <property name="repeatIteration" value="0" />
                  </properties>
                </test-case>
                <test-case id="1064" name="UnitView3D_Death_DeactivatesGameObject" fullname="Tests.PlayMode.GridContents.Units.IntegrationTests.UnitView3D_Death_DeactivatesGameObject" methodname="UnitView3D_Death_DeactivatesGameObject" classname="Tests.PlayMode.GridContents.Units.IntegrationTests" runstate="Runnable" seed="1285603232" result="Failed" start-time="2025-09-27 20:52:20Z" end-time="2025-09-27 20:52:22Z" duration="2.062982" asserts="0">
                  <properties>
                    <property name="_JOINTYPE" value="UnityCombinatorial" />
                    <property name="retryIteration" value="0" />
                    <property name="repeatIteration" value="0" />
                  </properties>
                  <failure>
                    <message><![CDATA[  GameObject should be deactivated after unit death
  Expected: False
  But was:  True
]]></message>
                    <stack-trace><![CDATA[at Tests.PlayMode.GridContents.Units.IntegrationTests+<UnitView3D_Death_DeactivatesGameObject>d__19.MoveNext () [0x00084] in D:\Projects\Unity\HoMM2.0\Assets\Tests\PlayMode\IntegrationTests.cs:290
at UnityEngine.TestTools.TestEnumerator+<Execute>d__7.MoveNext () [0x0004e] in .\Library\PackageCache\com.unity.test-framework@0a21eb82d95c\UnityEngine.TestRunner\NUnitExtensions\Attributes\TestEnumerator.cs:44
]]></stack-trace>
                  </failure>
                </test-case>
                <test-case id="1068" name="UnitView3D_DeathAnimation_PlaysBeforeDeactivation" fullname="Tests.PlayMode.GridContents.Units.IntegrationTests.UnitView3D_DeathAnimation_PlaysBeforeDeactivation" methodname="UnitView3D_DeathAnimation_PlaysBeforeDeactivation" classname="Tests.PlayMode.GridContents.Units.IntegrationTests" runstate="Runnable" seed="91240783" result="Failed" start-time="2025-09-27 20:52:22Z" end-time="2025-09-27 20:52:22Z" duration="0.557108" asserts="0">
                  <properties>
                    <property name="_JOINTYPE" value="UnityCombinatorial" />
                    <property name="retryIteration" value="0" />
                    <property name="repeatIteration" value="0" />
                  </properties>
                  <failure>
                    <message><![CDATA[  Death animation should be playing
  Expected: True
  But was:  False
]]></message>
                    <stack-trace><![CDATA[at Tests.PlayMode.GridContents.Units.IntegrationTests+<UnitView3D_DeathAnimation_PlaysBeforeDeactivation>d__23.MoveNext () [0x000c9] in D:\Projects\Unity\HoMM2.0\Assets\Tests\PlayMode\IntegrationTests.cs:374
at UnityEngine.TestTools.TestEnumerator+<Execute>d__7.MoveNext () [0x0004e] in .\Library\PackageCache\com.unity.test-framework@0a21eb82d95c\UnityEngine.TestRunner\NUnitExtensions\Attributes\TestEnumerator.cs:44
]]></stack-trace>
                  </failure>
                  <output><![CDATA[Animator is not playing an AnimatorController
]]></output>
                </test-case>
                <test-case id="1066" name="UnitView3D_Events_TriggerCorrectly" fullname="Tests.PlayMode.GridContents.Units.IntegrationTests.UnitView3D_Events_TriggerCorrectly" methodname="UnitView3D_Events_TriggerCorrectly" classname="Tests.PlayMode.GridContents.Units.IntegrationTests" runstate="Runnable" seed="1111452430" result="Passed" start-time="2025-09-27 20:52:22Z" end-time="2025-09-27 20:52:22Z" duration="0.157039" asserts="0">
                  <properties>
                    <property name="_JOINTYPE" value="UnityCombinatorial" />
                    <property name="retryIteration" value="0" />
                    <property name="repeatIteration" value="0" />
                  </properties>
                </test-case>
                <test-case id="1065" name="UnitView3D_PartialDamage_HandlesCorrectly" fullname="Tests.PlayMode.GridContents.Units.IntegrationTests.UnitView3D_PartialDamage_HandlesCorrectly" methodname="UnitView3D_PartialDamage_HandlesCorrectly" classname="Tests.PlayMode.GridContents.Units.IntegrationTests" runstate="Runnable" seed="1464621510" result="Failed" start-time="2025-09-27 20:52:22Z" end-time="2025-09-27 20:52:25Z" duration="2.067771" asserts="0">
                  <properties>
                    <property name="_JOINTYPE" value="UnityCombinatorial" />
                    <property name="retryIteration" value="0" />
                    <property name="repeatIteration" value="0" />
                  </properties>
                  <failure>
                    <message><![CDATA[  Remaining unit should have full health
  Expected: 100
  But was:  50
]]></message>
                    <stack-trace><![CDATA[at Tests.PlayMode.GridContents.Units.IntegrationTests+<UnitView3D_PartialDamage_HandlesCorrectly>d__20.MoveNext () [0x000e5] in D:\Projects\Unity\HoMM2.0\Assets\Tests\PlayMode\IntegrationTests.cs:313
at UnityEngine.TestTools.TestEnumerator+<Execute>d__7.MoveNext () [0x0004e] in .\Library\PackageCache\com.unity.test-framework@0a21eb82d95c\UnityEngine.TestRunner\NUnitExtensions\Attributes\TestEnumerator.cs:44
]]></stack-trace>
                  </failure>
                </test-case>
                <test-case id="1062" name="UnitViewModel_MaterialSelection_Integration_WorksCorrectly" fullname="Tests.PlayMode.GridContents.Units.IntegrationTests.UnitViewModel_MaterialSelection_Integration_WorksCorrectly" methodname="UnitViewModel_MaterialSelection_Integration_WorksCorrectly" classname="Tests.PlayMode.GridContents.Units.IntegrationTests" runstate="Runnable" seed="2028080769" result="Passed" start-time="2025-09-27 20:52:25Z" end-time="2025-09-27 20:52:25Z" duration="0.051801" asserts="0">
                  <properties>
                    <property name="_JOINTYPE" value="UnityCombinatorial" />
                    <property name="retryIteration" value="0" />
                    <property name="repeatIteration" value="0" />
                  </properties>
                </test-case>
                <test-case id="1069" name="UnitViewUI_HealthRatio_UpdatesCorrectlyAfterDamage" fullname="Tests.PlayMode.GridContents.Units.IntegrationTests.UnitViewUI_HealthRatio_UpdatesCorrectlyAfterDamage" methodname="UnitViewUI_HealthRatio_UpdatesCorrectlyAfterDamage" classname="Tests.PlayMode.GridContents.Units.IntegrationTests" runstate="Runnable" seed="2016871837" result="Passed" start-time="2025-09-27 20:52:25Z" end-time="2025-09-27 20:52:25Z" duration="0.238622" asserts="0">
                  <properties>
                    <property name="_JOINTYPE" value="UnityCombinatorial" />
                    <property name="retryIteration" value="0" />
                    <property name="repeatIteration" value="0" />
                  </properties>
                </test-case>
                <test-case id="1073" name="UnitViewUI_HealthRatio_WithExactKill_UpdatesCorrectly" fullname="Tests.PlayMode.GridContents.Units.IntegrationTests.UnitViewUI_HealthRatio_WithExactKill_UpdatesCorrectly" methodname="UnitViewUI_HealthRatio_WithExactKill_UpdatesCorrectly" classname="Tests.PlayMode.GridContents.Units.IntegrationTests" runstate="Runnable" seed="818955274" result="Passed" start-time="2025-09-27 20:52:25Z" end-time="2025-09-27 20:52:25Z" duration="0.179451" asserts="0">
                  <properties>
                    <property name="_JOINTYPE" value="UnityCombinatorial" />
                    <property name="retryIteration" value="0" />
                    <property name="repeatIteration" value="0" />
                  </properties>
                </test-case>
                <test-case id="1071" name="UnitViewUI_HealthRatio_WithMultipleUnitDeaths_UpdatesCorrectly" fullname="Tests.PlayMode.GridContents.Units.IntegrationTests.UnitViewUI_HealthRatio_WithMultipleUnitDeaths_UpdatesCorrectly" methodname="UnitViewUI_HealthRatio_WithMultipleUnitDeaths_UpdatesCorrectly" classname="Tests.PlayMode.GridContents.Units.IntegrationTests" runstate="Runnable" seed="741470797" result="Passed" start-time="2025-09-27 20:52:25Z" end-time="2025-09-27 20:52:25Z" duration="0.160072" asserts="0">
                  <properties>
                    <property name="_JOINTYPE" value="UnityCombinatorial" />
                    <property name="retryIteration" value="0" />
                    <property name="repeatIteration" value="0" />
                  </properties>
                </test-case>
                <test-case id="1074" name="UnitViewUI_HealthRatio_WithOverkill_UpdatesCorrectly" fullname="Tests.PlayMode.GridContents.Units.IntegrationTests.UnitViewUI_HealthRatio_WithOverkill_UpdatesCorrectly" methodname="UnitViewUI_HealthRatio_WithOverkill_UpdatesCorrectly" classname="Tests.PlayMode.GridContents.Units.IntegrationTests" runstate="Runnable" seed="1319221408" result="Passed" start-time="2025-09-27 20:52:25Z" end-time="2025-09-27 20:52:25Z" duration="0.172149" asserts="0">
                  <properties>
                    <property name="_JOINTYPE" value="UnityCombinatorial" />
                    <property name="retryIteration" value="0" />
                    <property name="repeatIteration" value="0" />
                  </properties>
                </test-case>
                <test-case id="1072" name="UnitViewUI_HealthRatio_WithPartialDamage_UpdatesCorrectly" fullname="Tests.PlayMode.GridContents.Units.IntegrationTests.UnitViewUI_HealthRatio_WithPartialDamage_UpdatesCorrectly" methodname="UnitViewUI_HealthRatio_WithPartialDamage_UpdatesCorrectly" classname="Tests.PlayMode.GridContents.Units.IntegrationTests" runstate="Runnable" seed="1054393535" result="Passed" start-time="2025-09-27 20:52:25Z" end-time="2025-09-27 20:52:26Z" duration="0.160674" asserts="0">
                  <properties>
                    <property name="_JOINTYPE" value="UnityCombinatorial" />
                    <property name="retryIteration" value="0" />
                    <property name="repeatIteration" value="0" />
                  </properties>
                </test-case>
                <test-case id="1070" name="UnitViewUI_UnitAmount_UpdatesCorrectlyAfterDamage" fullname="Tests.PlayMode.GridContents.Units.IntegrationTests.UnitViewUI_UnitAmount_UpdatesCorrectlyAfterDamage" methodname="UnitViewUI_UnitAmount_UpdatesCorrectlyAfterDamage" classname="Tests.PlayMode.GridContents.Units.IntegrationTests" runstate="Runnable" seed="1097660769" result="Passed" start-time="2025-09-27 20:52:26Z" end-time="2025-09-27 20:52:26Z" duration="0.159121" asserts="0">
                  <properties>
                    <property name="_JOINTYPE" value="UnityCombinatorial" />
                    <property name="retryIteration" value="0" />
                    <property name="repeatIteration" value="0" />
                  </properties>
                </test-case>
              </test-suite>
            </test-suite>
          </test-suite>
          <test-suite type="TestSuite" id="1097" name="Input" fullname="Tests.PlayMode.Input" runstate="Runnable" testcasecount="3" result="Failed" site="Child" start-time="2025-09-27 20:52:26Z" end-time="2025-09-27 20:52:26Z" duration="0.308172" total="3" passed="2" failed="1" inconclusive="0" skipped="0" asserts="0">
            <properties />
            <failure>
              <message><![CDATA[One or more child tests had errors]]></message>
            </failure>
            <test-suite type="TestFixture" id="1086" name="CellInputHandler_IntegrationTests" fullname="Tests.PlayMode.Input.CellInputHandler_IntegrationTests" classname="Tests.PlayMode.Input.CellInputHandler_IntegrationTests" runstate="Runnable" testcasecount="2" result="Failed" site="Child" start-time="2025-09-27 20:52:26Z" end-time="2025-09-27 20:52:26Z" duration="0.211881" total="2" passed="1" failed="1" inconclusive="0" skipped="0" asserts="0">
              <properties />
              <failure>
                <message><![CDATA[One or more child tests had errors]]></message>
              </failure>
              <test-case id="1088" name="GameView3D_Path_HoverAndSelect_UpdatesRenderer" fullname="Tests.PlayMode.Input.CellInputHandler_IntegrationTests.GameView3D_Path_HoverAndSelect_UpdatesRenderer" methodname="GameView3D_Path_HoverAndSelect_UpdatesRenderer" classname="Tests.PlayMode.Input.CellInputHandler_IntegrationTests" runstate="Runnable" seed="816758961" result="Failed" label="Error" start-time="2025-09-27 20:52:26Z" end-time="2025-09-27 20:52:26Z" duration="0.134248" asserts="0">
                <properties>
                  <property name="_JOINTYPE" value="UnityCombinatorial" />
                  <property name="retryIteration" value="0" />
                  <property name="repeatIteration" value="0" />
                </properties>
                <failure>
                  <message><![CDATA[System.ArgumentException : Object of type 'Tests.PlayMode.Input.CellInputHandler_IntegrationTests+StubGameViewModel' cannot be converted to type 'GameViewModel'.]]></message>
                  <stack-trace><![CDATA[  at System.RuntimeType.CheckValue (System.Object value, System.Reflection.Binder binder, System.Globalization.CultureInfo culture, System.Reflection.BindingFlags invokeAttr) [0x00071] in <191a1970a53948f9819ac1d2e4f5c72e>:0 
  at System.Reflection.RuntimeFieldInfo.SetValue (System.Object obj, System.Object val, System.Reflection.BindingFlags invokeAttr, System.Reflection.Binder binder, System.Globalization.CultureInfo culture) [0x0007d] in <191a1970a53948f9819ac1d2e4f5c72e>:0 
  at System.Reflection.FieldInfo.SetValue (System.Object obj, System.Object value) [0x00009] in <191a1970a53948f9819ac1d2e4f5c72e>:0 
  at Tests.PlayMode.Input.CellInputHandler_IntegrationTests+<GameView3D_Path_HoverAndSelect_UpdatesRenderer>d__8.MoveNext () [0x001b5] in D:\Projects\Unity\HoMM2.0\Assets\Tests\PlayMode\Input\CellInputHandler_IntegrationTests.cs:164 
  at UnityEngine.TestTools.TestEnumerator+<Execute>d__7.MoveNext () [0x0004e] in .\Library\PackageCache\com.unity.test-framework@0a21eb82d95c\UnityEngine.TestRunner\NUnitExtensions\Attributes\TestEnumerator.cs:44 ]]></stack-trace>
                </failure>
                <output><![CDATA[binded
]]></output>
              </test-case>
              <test-case id="1087" name="PerCellGridRenderer_HighlightsCell_OnPreviewChanged" fullname="Tests.PlayMode.Input.CellInputHandler_IntegrationTests.PerCellGridRenderer_HighlightsCell_OnPreviewChanged" methodname="PerCellGridRenderer_HighlightsCell_OnPreviewChanged" classname="Tests.PlayMode.Input.CellInputHandler_IntegrationTests" runstate="Runnable" seed="1102200261" result="Passed" start-time="2025-09-27 20:52:26Z" end-time="2025-09-27 20:52:26Z" duration="0.067088" asserts="0">
                <properties>
                  <property name="_JOINTYPE" value="UnityCombinatorial" />
                  <property name="retryIteration" value="0" />
                  <property name="repeatIteration" value="0" />
                </properties>
                <output><![CDATA[binded
]]></output>
              </test-case>
            </test-suite>
            <test-suite type="TestFixture" id="1084" name="CellInputHandler_PlayModeTests" fullname="Tests.PlayMode.Input.CellInputHandler_PlayModeTests" classname="Tests.PlayMode.Input.CellInputHandler_PlayModeTests" runstate="Runnable" testcasecount="1" result="Passed" start-time="2025-09-27 20:52:26Z" end-time="2025-09-27 20:52:26Z" duration="0.076818" total="1" passed="1" failed="0" inconclusive="0" skipped="0" asserts="0">
              <properties />
              <test-case id="1085" name="Awake_AssignsMainCamera_WhenNull" fullname="Tests.PlayMode.Input.CellInputHandler_PlayModeTests.Awake_AssignsMainCamera_WhenNull" methodname="Awake_AssignsMainCamera_WhenNull" classname="Tests.PlayMode.Input.CellInputHandler_PlayModeTests" runstate="Runnable" seed="872809924" result="Passed" start-time="2025-09-27 20:52:26Z" end-time="2025-09-27 20:52:26Z" duration="0.058095" asserts="0">
                <properties>
                  <property name="_JOINTYPE" value="UnityCombinatorial" />
                  <property name="retryIteration" value="0" />
                  <property name="repeatIteration" value="0" />
                </properties>
                <reason>
                  <message><![CDATA[]]></message>
                </reason>
              </test-case>
            </test-suite>
          </test-suite>
          <test-suite type="TestFixture" id="1011" name="NetworkStateTest" fullname="Tests.PlayMode.NetworkStateTest" classname="Tests.PlayMode.NetworkStateTest" runstate="Runnable" testcasecount="1" result="Failed" site="Child" start-time="2025-09-27 20:52:26Z" end-time="2025-09-27 20:52:26Z" duration="0.052705" total="1" passed="0" failed="1" inconclusive="0" skipped="0" asserts="0">
            <properties />
            <failure>
              <message><![CDATA[One or more child tests had errors]]></message>
            </failure>
            <test-case id="1012" name="TestNetworkManagerState" fullname="Tests.PlayMode.NetworkStateTest.TestNetworkManagerState" methodname="TestNetworkManagerState" classname="Tests.PlayMode.NetworkStateTest" runstate="Runnable" seed="1796778898" result="Failed" start-time="2025-09-27 20:52:26Z" end-time="2025-09-27 20:52:26Z" duration="0.033324" asserts="0">
              <properties>
                <property name="_JOINTYPE" value="UnityCombinatorial" />
                <property name="retryIteration" value="0" />
                <property name="repeatIteration" value="0" />
              </properties>
              <failure>
                <message><![CDATA[Unhandled log message: '[Error] ❌ GameController not found in scene!'. Use UnityEngine.TestTools.LogAssert.Expect]]></message>
                <stack-trace><![CDATA[Tests.PlayMode.NetworkStateTest/<TestNetworkManagerState>d__0:MoveNext () (at Assets/Tests/PlayMode/NetworkStateTest.cs:38)
UnityEngine.SetupCoroutine:InvokeMoveNext (System.Collections.IEnumerator,intptr)

]]></stack-trace>
              </failure>
              <output><![CDATA[=== Network State Test Started ===
❌ NetworkManager.Singleton is null - running in local mode
❌ GameController not found in scene!
]]></output>
            </test-case>
          </test-suite>
          <test-suite type="TestFixture" id="1013" name="SimplePlayModeTest" fullname="Tests.PlayMode.SimplePlayModeTest" classname="Tests.PlayMode.SimplePlayModeTest" runstate="Runnable" testcasecount="2" result="Passed" start-time="2025-09-27 20:52:26Z" end-time="2025-09-27 20:52:26Z" duration="0.085011" total="2" passed="2" failed="0" inconclusive="0" skipped="0" asserts="0">
            <properties />
            <test-case id="1015" name="AnotherTest_ShouldAlsoBePlayMode" fullname="Tests.PlayMode.SimplePlayModeTest.AnotherTest_ShouldAlsoBePlayMode" methodname="AnotherTest_ShouldAlsoBePlayMode" classname="Tests.PlayMode.SimplePlayModeTest" runstate="Runnable" seed="347621511" result="Passed" start-time="2025-09-27 20:52:26Z" end-time="2025-09-27 20:52:26Z" duration="0.029894" asserts="0">
              <properties>
                <property name="_JOINTYPE" value="UnityCombinatorial" />
                <property name="retryIteration" value="0" />
                <property name="repeatIteration" value="0" />
              </properties>
            </test-case>
            <test-case id="1014" name="SimpleTest_ShouldBePlayMode" fullname="Tests.PlayMode.SimplePlayModeTest.SimpleTest_ShouldBePlayMode" methodname="SimpleTest_ShouldBePlayMode" classname="Tests.PlayMode.SimplePlayModeTest" runstate="Runnable" seed="566013035" result="Passed" start-time="2025-09-27 20:52:26Z" end-time="2025-09-27 20:52:26Z" duration="0.034922" asserts="0">
              <properties>
                <property name="_JOINTYPE" value="UnityCombinatorial" />
                <property name="retryIteration" value="0" />
                <property name="repeatIteration" value="0" />
              </properties>
            </test-case>
          </test-suite>
          <test-suite type="TestSuite" id="1092" name="UI" fullname="Tests.PlayMode.UI" runstate="Runnable" testcasecount="18" result="Failed" site="Child" start-time="2025-09-27 20:52:26Z" end-time="2025-09-27 20:52:27Z" duration="1.272372" total="18" passed="6" failed="12" inconclusive="0" skipped="0" asserts="0">
            <properties />
            <failure>
              <message><![CDATA[One or more child tests had errors]]></message>
            </failure>
            <test-suite type="TestFixture" id="1034" name="UnitHealthBarIntegrationTests" fullname="Tests.PlayMode.UI.UnitHealthBarIntegrationTests" classname="Tests.PlayMode.UI.UnitHealthBarIntegrationTests" runstate="Runnable" testcasecount="10" result="Failed" site="Child" start-time="2025-09-27 20:52:26Z" end-time="2025-09-27 20:52:27Z" duration="0.726327" total="10" passed="0" failed="10" inconclusive="0" skipped="0" asserts="0">
              <properties />
              <failure>
                <message><![CDATA[One or more child tests had errors]]></message>
              </failure>
              <test-case id="1039" name="UnitHealthBar_CompleteUnitDeath_HandlesCorrectly" fullname="Tests.PlayMode.UI.UnitHealthBarIntegrationTests.UnitHealthBar_CompleteUnitDeath_HandlesCorrectly" methodname="UnitHealthBar_CompleteUnitDeath_HandlesCorrectly" classname="Tests.PlayMode.UI.UnitHealthBarIntegrationTests" runstate="Runnable" seed="1182605093" result="Failed" label="Error" start-time="2025-09-27 20:52:26Z" end-time="2025-09-27 20:52:26Z" duration="0.168038" asserts="0">
                <properties>
                  <property name="_JOINTYPE" value="UnityCombinatorial" />
                  <property name="retryIteration" value="0" />
                  <property name="repeatIteration" value="0" />
                </properties>
                <failure>
                  <message><![CDATA[System.NullReferenceException : Object reference not set to an instance of an object]]></message>
                  <stack-trace><![CDATA[  at UnitHealthBar.SetRatio (System.Single ratio) [0x00009] in D:\Projects\Unity\HoMM2.0\Assets\Scripts\UI\Panels\UnitHealthBar.cs:14 
  at UnitHealthBar.Init () [0x00001] in D:\Projects\Unity\HoMM2.0\Assets\Scripts\UI\Panels\UnitHealthBar.cs:18 
  at UnitViewUI.Init (UnitViewModel vm) [0x000a8] in D:\Projects\Unity\HoMM2.0\Assets\Scripts\UI\Panels\UnitViewUI.cs:36 
  at Tests.PlayMode.UI.UnitHealthBarIntegrationTests+<UnitHealthBar_CompleteUnitDeath_HandlesCorrectly>d__14.MoveNext () [0x0002e] in D:\Projects\Unity\HoMM2.0\Assets\Tests\PlayMode\UI\UnitHealthBarIntegrationTests.cs:176 
  at UnityEngine.TestTools.TestEnumerator+<Execute>d__7.MoveNext () [0x0004e] in .\Library\PackageCache\com.unity.test-framework@0a21eb82d95c\UnityEngine.TestRunner\NUnitExtensions\Attributes\TestEnumerator.cs:44 ]]></stack-trace>
                </failure>
              </test-case>
              <test-case id="1043" name="UnitHealthBar_DeathEvent_TriggersCorrectly" fullname="Tests.PlayMode.UI.UnitHealthBarIntegrationTests.UnitHealthBar_DeathEvent_TriggersCorrectly" methodname="UnitHealthBar_DeathEvent_TriggersCorrectly" classname="Tests.PlayMode.UI.UnitHealthBarIntegrationTests" runstate="Runnable" seed="26623762" result="Failed" label="Error" start-time="2025-09-27 20:52:26Z" end-time="2025-09-27 20:52:26Z" duration="0.059956" asserts="0">
                <properties>
                  <property name="_JOINTYPE" value="UnityCombinatorial" />
                  <property name="retryIteration" value="0" />
                  <property name="repeatIteration" value="0" />
                </properties>
                <failure>
                  <message><![CDATA[System.NullReferenceException : Object reference not set to an instance of an object]]></message>
                  <stack-trace><![CDATA[  at UnitHealthBar.SetRatio (System.Single ratio) [0x00009] in D:\Projects\Unity\HoMM2.0\Assets\Scripts\UI\Panels\UnitHealthBar.cs:14 
  at UnitHealthBar.Init () [0x00001] in D:\Projects\Unity\HoMM2.0\Assets\Scripts\UI\Panels\UnitHealthBar.cs:18 
  at UnitViewUI.Init (UnitViewModel vm) [0x000a8] in D:\Projects\Unity\HoMM2.0\Assets\Scripts\UI\Panels\UnitViewUI.cs:36 
  at Tests.PlayMode.UI.UnitHealthBarIntegrationTests+<UnitHealthBar_DeathEvent_TriggersCorrectly>d__18.MoveNext () [0x0006f] in D:\Projects\Unity\HoMM2.0\Assets\Tests\PlayMode\UI\UnitHealthBarIntegrationTests.cs:266 
  at UnityEngine.TestTools.TestEnumerator+<Execute>d__7.MoveNext () [0x0004e] in .\Library\PackageCache\com.unity.test-framework@0a21eb82d95c\UnityEngine.TestRunner\NUnitExtensions\Attributes\TestEnumerator.cs:44 ]]></stack-trace>
                </failure>
              </test-case>
              <test-case id="1044" name="UnitHealthBar_Dispose_WorksCorrectly" fullname="Tests.PlayMode.UI.UnitHealthBarIntegrationTests.UnitHealthBar_Dispose_WorksCorrectly" methodname="UnitHealthBar_Dispose_WorksCorrectly" classname="Tests.PlayMode.UI.UnitHealthBarIntegrationTests" runstate="Runnable" seed="952620448" result="Failed" label="Error" start-time="2025-09-27 20:52:26Z" end-time="2025-09-27 20:52:26Z" duration="0.059070" asserts="0">
                <properties>
                  <property name="_JOINTYPE" value="UnityCombinatorial" />
                  <property name="retryIteration" value="0" />
                  <property name="repeatIteration" value="0" />
                </properties>
                <failure>
                  <message><![CDATA[System.NullReferenceException : Object reference not set to an instance of an object]]></message>
                  <stack-trace><![CDATA[  at UnitHealthBar.SetRatio (System.Single ratio) [0x00009] in D:\Projects\Unity\HoMM2.0\Assets\Scripts\UI\Panels\UnitHealthBar.cs:14 
  at UnitHealthBar.Init () [0x00001] in D:\Projects\Unity\HoMM2.0\Assets\Scripts\UI\Panels\UnitHealthBar.cs:18 
  at UnitViewUI.Init (UnitViewModel vm) [0x000a8] in D:\Projects\Unity\HoMM2.0\Assets\Scripts\UI\Panels\UnitViewUI.cs:36 
  at Tests.PlayMode.UI.UnitHealthBarIntegrationTests+<UnitHealthBar_Dispose_WorksCorrectly>d__19.MoveNext () [0x0002b] in D:\Projects\Unity\HoMM2.0\Assets\Tests\PlayMode\UI\UnitHealthBarIntegrationTests.cs:284 
  at UnityEngine.TestTools.TestEnumerator+<Execute>d__7.MoveNext () [0x0004e] in .\Library\PackageCache\com.unity.test-framework@0a21eb82d95c\UnityEngine.TestRunner\NUnitExtensions\Attributes\TestEnumerator.cs:44 ]]></stack-trace>
                </failure>
              </test-case>
              <test-case id="1041" name="UnitHealthBar_EdgeCase_ZeroMaxHealth" fullname="Tests.PlayMode.UI.UnitHealthBarIntegrationTests.UnitHealthBar_EdgeCase_ZeroMaxHealth" methodname="UnitHealthBar_EdgeCase_ZeroMaxHealth" classname="Tests.PlayMode.UI.UnitHealthBarIntegrationTests" runstate="Runnable" seed="1037975024" result="Failed" label="Error" start-time="2025-09-27 20:52:26Z" end-time="2025-09-27 20:52:27Z" duration="0.055365" asserts="0">
                <properties>
                  <property name="_JOINTYPE" value="UnityCombinatorial" />
                  <property name="retryIteration" value="0" />
                  <property name="repeatIteration" value="0" />
                </properties>
                <failure>
                  <message><![CDATA[System.NullReferenceException : Object reference not set to an instance of an object]]></message>
                  <stack-trace><![CDATA[  at UnitHealthBar.SetRatio (System.Single ratio) [0x00009] in D:\Projects\Unity\HoMM2.0\Assets\Scripts\UI\Panels\UnitHealthBar.cs:14 
  at UnitHealthBar.Init () [0x00001] in D:\Projects\Unity\HoMM2.0\Assets\Scripts\UI\Panels\UnitHealthBar.cs:18 
  at UnitViewUI.Init (UnitViewModel vm) [0x000a8] in D:\Projects\Unity\HoMM2.0\Assets\Scripts\UI\Panels\UnitViewUI.cs:36 
  at Tests.PlayMode.UI.UnitHealthBarIntegrationTests+<UnitHealthBar_EdgeCase_ZeroMaxHealth>d__16.MoveNext () [0x0003f] in D:\Projects\Unity\HoMM2.0\Assets\Tests\PlayMode\UI\UnitHealthBarIntegrationTests.cs:219 
  at UnityEngine.TestTools.TestEnumerator+<Execute>d__7.MoveNext () [0x0004e] in .\Library\PackageCache\com.unity.test-framework@0a21eb82d95c\UnityEngine.TestRunner\NUnitExtensions\Attributes\TestEnumerator.cs:44 ]]></stack-trace>
                </failure>
              </test-case>
              <test-case id="1042" name="UnitHealthBar_EventSubscription_WorksCorrectly" fullname="Tests.PlayMode.UI.UnitHealthBarIntegrationTests.UnitHealthBar_EventSubscription_WorksCorrectly" methodname="UnitHealthBar_EventSubscription_WorksCorrectly" classname="Tests.PlayMode.UI.UnitHealthBarIntegrationTests" runstate="Runnable" seed="461953252" result="Failed" label="Error" start-time="2025-09-27 20:52:27Z" end-time="2025-09-27 20:52:27Z" duration="0.054066" asserts="0">
                <properties>
                  <property name="_JOINTYPE" value="UnityCombinatorial" />
                  <property name="retryIteration" value="0" />
                  <property name="repeatIteration" value="0" />
                </properties>
                <failure>
                  <message><![CDATA[System.NullReferenceException : Object reference not set to an instance of an object]]></message>
                  <stack-trace><![CDATA[  at UnitHealthBar.SetRatio (System.Single ratio) [0x00009] in D:\Projects\Unity\HoMM2.0\Assets\Scripts\UI\Panels\UnitHealthBar.cs:14 
  at UnitHealthBar.Init () [0x00001] in D:\Projects\Unity\HoMM2.0\Assets\Scripts\UI\Panels\UnitHealthBar.cs:18 
  at UnitViewUI.Init (UnitViewModel vm) [0x000a8] in D:\Projects\Unity\HoMM2.0\Assets\Scripts\UI\Panels\UnitViewUI.cs:36 
  at Tests.PlayMode.UI.UnitHealthBarIntegrationTests+<UnitHealthBar_EventSubscription_WorksCorrectly>d__17.MoveNext () [0x000a2] in D:\Projects\Unity\HoMM2.0\Assets\Tests\PlayMode\UI\UnitHealthBarIntegrationTests.cs:244 
  at UnityEngine.TestTools.TestEnumerator+<Execute>d__7.MoveNext () [0x0004e] in .\Library\PackageCache\com.unity.test-framework@0a21eb82d95c\UnityEngine.TestRunner\NUnitExtensions\Attributes\TestEnumerator.cs:44 ]]></stack-trace>
                </failure>
              </test-case>
              <test-case id="1036" name="UnitHealthBar_HealthChange_UpdatesCorrectly" fullname="Tests.PlayMode.UI.UnitHealthBarIntegrationTests.UnitHealthBar_HealthChange_UpdatesCorrectly" methodname="UnitHealthBar_HealthChange_UpdatesCorrectly" classname="Tests.PlayMode.UI.UnitHealthBarIntegrationTests" runstate="Runnable" seed="77712965" result="Failed" label="Error" start-time="2025-09-27 20:52:27Z" end-time="2025-09-27 20:52:27Z" duration="0.090259" asserts="0">
                <properties>
                  <property name="_JOINTYPE" value="UnityCombinatorial" />
                  <property name="retryIteration" value="0" />
                  <property name="repeatIteration" value="0" />
                </properties>
                <failure>
                  <message><![CDATA[System.NullReferenceException : Object reference not set to an instance of an object]]></message>
                  <stack-trace><![CDATA[  at UnitHealthBar.SetRatio (System.Single ratio) [0x00009] in D:\Projects\Unity\HoMM2.0\Assets\Scripts\UI\Panels\UnitHealthBar.cs:14 
  at UnitHealthBar.Init () [0x00001] in D:\Projects\Unity\HoMM2.0\Assets\Scripts\UI\Panels\UnitHealthBar.cs:18 
  at UnitViewUI.Init (UnitViewModel vm) [0x000a8] in D:\Projects\Unity\HoMM2.0\Assets\Scripts\UI\Panels\UnitViewUI.cs:36 
  at Tests.PlayMode.UI.UnitHealthBarIntegrationTests+<UnitHealthBar_HealthChange_UpdatesCorrectly>d__11.MoveNext () [0x0002e] in D:\Projects\Unity\HoMM2.0\Assets\Tests\PlayMode\UI\UnitHealthBarIntegrationTests.cs:111 
  at UnityEngine.TestTools.TestEnumerator+<Execute>d__7.MoveNext () [0x0004e] in .\Library\PackageCache\com.unity.test-framework@0a21eb82d95c\UnityEngine.TestRunner\NUnitExtensions\Attributes\TestEnumerator.cs:44 ]]></stack-trace>
                </failure>
              </test-case>
              <test-case id="1040" name="UnitHealthBar_HealthRatio_CalculatesCorrectly" fullname="Tests.PlayMode.UI.UnitHealthBarIntegrationTests.UnitHealthBar_HealthRatio_CalculatesCorrectly" methodname="UnitHealthBar_HealthRatio_CalculatesCorrectly" classname="Tests.PlayMode.UI.UnitHealthBarIntegrationTests" runstate="Runnable" seed="1436309740" result="Failed" label="Error" start-time="2025-09-27 20:52:27Z" end-time="2025-09-27 20:52:27Z" duration="0.052663" asserts="0">
                <properties>
                  <property name="_JOINTYPE" value="UnityCombinatorial" />
                  <property name="retryIteration" value="0" />
                  <property name="repeatIteration" value="0" />
                </properties>
                <failure>
                  <message><![CDATA[System.NullReferenceException : Object reference not set to an instance of an object]]></message>
                  <stack-trace><![CDATA[  at UnitHealthBar.SetRatio (System.Single ratio) [0x00009] in D:\Projects\Unity\HoMM2.0\Assets\Scripts\UI\Panels\UnitHealthBar.cs:14 
  at UnitHealthBar.Init () [0x00001] in D:\Projects\Unity\HoMM2.0\Assets\Scripts\UI\Panels\UnitHealthBar.cs:18 
  at UnitViewUI.Init (UnitViewModel vm) [0x000a8] in D:\Projects\Unity\HoMM2.0\Assets\Scripts\UI\Panels\UnitViewUI.cs:36 
  at Tests.PlayMode.UI.UnitHealthBarIntegrationTests+<UnitHealthBar_HealthRatio_CalculatesCorrectly>d__15.MoveNext () [0x0002e] in D:\Projects\Unity\HoMM2.0\Assets\Tests\PlayMode\UI\UnitHealthBarIntegrationTests.cs:195 
  at UnityEngine.TestTools.TestEnumerator+<Execute>d__7.MoveNext () [0x0004e] in .\Library\PackageCache\com.unity.test-framework@0a21eb82d95c\UnityEngine.TestRunner\NUnitExtensions\Attributes\TestEnumerator.cs:44 ]]></stack-trace>
                </failure>
              </test-case>
              <test-case id="1035" name="UnitHealthBar_Initialization_WorksCorrectly" fullname="Tests.PlayMode.UI.UnitHealthBarIntegrationTests.UnitHealthBar_Initialization_WorksCorrectly" methodname="UnitHealthBar_Initialization_WorksCorrectly" classname="Tests.PlayMode.UI.UnitHealthBarIntegrationTests" runstate="Runnable" seed="868006596" result="Failed" label="Error" start-time="2025-09-27 20:52:27Z" end-time="2025-09-27 20:52:27Z" duration="0.056435" asserts="0">
                <properties>
                  <property name="_JOINTYPE" value="UnityCombinatorial" />
                  <property name="retryIteration" value="0" />
                  <property name="repeatIteration" value="0" />
                </properties>
                <failure>
                  <message><![CDATA[System.NullReferenceException : Object reference not set to an instance of an object]]></message>
                  <stack-trace><![CDATA[  at UnitHealthBar.SetRatio (System.Single ratio) [0x00009] in D:\Projects\Unity\HoMM2.0\Assets\Scripts\UI\Panels\UnitHealthBar.cs:14 
  at UnitHealthBar.Init () [0x00001] in D:\Projects\Unity\HoMM2.0\Assets\Scripts\UI\Panels\UnitHealthBar.cs:18 
  at UnitViewUI.Init (UnitViewModel vm) [0x000a8] in D:\Projects\Unity\HoMM2.0\Assets\Scripts\UI\Panels\UnitViewUI.cs:36 
  at Tests.PlayMode.UI.UnitHealthBarIntegrationTests+<UnitHealthBar_Initialization_WorksCorrectly>d__10.MoveNext () [0x00020] in D:\Projects\Unity\HoMM2.0\Assets\Tests\PlayMode\UI\UnitHealthBarIntegrationTests.cs:97 
  at UnityEngine.TestTools.TestEnumerator+<Execute>d__7.MoveNext () [0x0004e] in .\Library\PackageCache\com.unity.test-framework@0a21eb82d95c\UnityEngine.TestRunner\NUnitExtensions\Attributes\TestEnumerator.cs:44 ]]></stack-trace>
                </failure>
              </test-case>
              <test-case id="1038" name="UnitHealthBar_MultipleDamage_HandlesCorrectly" fullname="Tests.PlayMode.UI.UnitHealthBarIntegrationTests.UnitHealthBar_MultipleDamage_HandlesCorrectly" methodname="UnitHealthBar_MultipleDamage_HandlesCorrectly" classname="Tests.PlayMode.UI.UnitHealthBarIntegrationTests" runstate="Runnable" seed="625353753" result="Failed" label="Error" start-time="2025-09-27 20:52:27Z" end-time="2025-09-27 20:52:27Z" duration="0.052631" asserts="0">
                <properties>
                  <property name="_JOINTYPE" value="UnityCombinatorial" />
                  <property name="retryIteration" value="0" />
                  <property name="repeatIteration" value="0" />
                </properties>
                <failure>
                  <message><![CDATA[System.NullReferenceException : Object reference not set to an instance of an object]]></message>
                  <stack-trace><![CDATA[  at UnitHealthBar.SetRatio (System.Single ratio) [0x00009] in D:\Projects\Unity\HoMM2.0\Assets\Scripts\UI\Panels\UnitHealthBar.cs:14 
  at UnitHealthBar.Init () [0x00001] in D:\Projects\Unity\HoMM2.0\Assets\Scripts\UI\Panels\UnitHealthBar.cs:18 
  at UnitViewUI.Init (UnitViewModel vm) [0x000a8] in D:\Projects\Unity\HoMM2.0\Assets\Scripts\UI\Panels\UnitViewUI.cs:36 
  at Tests.PlayMode.UI.UnitHealthBarIntegrationTests+<UnitHealthBar_MultipleDamage_HandlesCorrectly>d__13.MoveNext () [0x00040] in D:\Projects\Unity\HoMM2.0\Assets\Tests\PlayMode\UI\UnitHealthBarIntegrationTests.cs:149 
  at UnityEngine.TestTools.TestEnumerator+<Execute>d__7.MoveNext () [0x0004e] in .\Library\PackageCache\com.unity.test-framework@0a21eb82d95c\UnityEngine.TestRunner\NUnitExtensions\Attributes\TestEnumerator.cs:44 ]]></stack-trace>
                </failure>
              </test-case>
              <test-case id="1037" name="UnitHealthBar_UnitDeath_UpdatesAmountCorrectly" fullname="Tests.PlayMode.UI.UnitHealthBarIntegrationTests.UnitHealthBar_UnitDeath_UpdatesAmountCorrectly" methodname="UnitHealthBar_UnitDeath_UpdatesAmountCorrectly" classname="Tests.PlayMode.UI.UnitHealthBarIntegrationTests" runstate="Runnable" seed="861560945" result="Failed" label="Error" start-time="2025-09-27 20:52:27Z" end-time="2025-09-27 20:52:27Z" duration="0.063955" asserts="0">
                <properties>
                  <property name="_JOINTYPE" value="UnityCombinatorial" />
                  <property name="retryIteration" value="0" />
                  <property name="repeatIteration" value="0" />
                </properties>
                <failure>
                  <message><![CDATA[System.NullReferenceException : Object reference not set to an instance of an object]]></message>
                  <stack-trace><![CDATA[  at UnitHealthBar.SetRatio (System.Single ratio) [0x00009] in D:\Projects\Unity\HoMM2.0\Assets\Scripts\UI\Panels\UnitHealthBar.cs:14 
  at UnitHealthBar.Init () [0x00001] in D:\Projects\Unity\HoMM2.0\Assets\Scripts\UI\Panels\UnitHealthBar.cs:18 
  at UnitViewUI.Init (UnitViewModel vm) [0x000a8] in D:\Projects\Unity\HoMM2.0\Assets\Scripts\UI\Panels\UnitViewUI.cs:36 
  at Tests.PlayMode.UI.UnitHealthBarIntegrationTests+<UnitHealthBar_UnitDeath_UpdatesAmountCorrectly>d__12.MoveNext () [0x0002e] in D:\Projects\Unity\HoMM2.0\Assets\Tests\PlayMode\UI\UnitHealthBarIntegrationTests.cs:130 
  at UnityEngine.TestTools.TestEnumerator+<Execute>d__7.MoveNext () [0x0004e] in .\Library\PackageCache\com.unity.test-framework@0a21eb82d95c\UnityEngine.TestRunner\NUnitExtensions\Attributes\TestEnumerator.cs:44 ]]></stack-trace>
                </failure>
              </test-case>
            </test-suite>
            <test-suite type="TestFixture" id="1045" name="UnitHealthBarTests_PlayMode" fullname="Tests.PlayMode.UI.UnitHealthBarTests_PlayMode" classname="Tests.PlayMode.UI.UnitHealthBarTests_PlayMode" runstate="Runnable" testcasecount="6" result="Passed" start-time="2025-09-27 20:52:27Z" end-time="2025-09-27 20:52:27Z" duration="0.472131" total="6" passed="6" failed="0" inconclusive="0" skipped="0" asserts="0">
              <properties />
              <test-case id="1051" name="HideOnFullHP_WhenTrueAndRatioIsNotOne_ShowsHealthBar" fullname="Tests.PlayMode.UI.UnitHealthBarTests_PlayMode.HideOnFullHP_WhenTrueAndRatioIsNotOne_ShowsHealthBar" methodname="HideOnFullHP_WhenTrueAndRatioIsNotOne_ShowsHealthBar" classname="Tests.PlayMode.UI.UnitHealthBarTests_PlayMode" runstate="Runnable" seed="2089527203" result="Passed" start-time="2025-09-27 20:52:27Z" end-time="2025-09-27 20:52:27Z" duration="0.120787" asserts="0">
                <properties>
                  <property name="_JOINTYPE" value="UnityCombinatorial" />
                  <property name="retryIteration" value="0" />
                  <property name="repeatIteration" value="0" />
                </properties>
              </test-case>
              <test-case id="1050" name="HideOnFullHP_WhenTrueAndRatioIsOne_HidesHealthBar" fullname="Tests.PlayMode.UI.UnitHealthBarTests_PlayMode.HideOnFullHP_WhenTrueAndRatioIsOne_HidesHealthBar" methodname="HideOnFullHP_WhenTrueAndRatioIsOne_HidesHealthBar" classname="Tests.PlayMode.UI.UnitHealthBarTests_PlayMode" runstate="Runnable" seed="1524645629" result="Passed" start-time="2025-09-27 20:52:27Z" end-time="2025-09-27 20:52:27Z" duration="0.069573" asserts="0">
                <properties>
                  <property name="_JOINTYPE" value="UnityCombinatorial" />
                  <property name="retryIteration" value="0" />
                  <property name="repeatIteration" value="0" />
                </properties>
              </test-case>
              <test-case id="1046" name="Init_SetsHealthBarToFullHealth" fullname="Tests.PlayMode.UI.UnitHealthBarTests_PlayMode.Init_SetsHealthBarToFullHealth" methodname="Init_SetsHealthBarToFullHealth" classname="Tests.PlayMode.UI.UnitHealthBarTests_PlayMode" runstate="Runnable" seed="1634722453" result="Passed" start-time="2025-09-27 20:52:27Z" end-time="2025-09-27 20:52:27Z" duration="0.061685" asserts="0">
                <properties>
                  <property name="_JOINTYPE" value="UnityCombinatorial" />
                  <property name="retryIteration" value="0" />
                  <property name="repeatIteration" value="0" />
                </properties>
              </test-case>
              <test-case id="1049" name="SetRatio_WithFullRatio_SetsHealthBarToFull" fullname="Tests.PlayMode.UI.UnitHealthBarTests_PlayMode.SetRatio_WithFullRatio_SetsHealthBarToFull" methodname="SetRatio_WithFullRatio_SetsHealthBarToFull" classname="Tests.PlayMode.UI.UnitHealthBarTests_PlayMode" runstate="Runnable" seed="1401043485" result="Passed" start-time="2025-09-27 20:52:27Z" end-time="2025-09-27 20:52:27Z" duration="0.068994" asserts="0">
                <properties>
                  <property name="_JOINTYPE" value="UnityCombinatorial" />
                  <property name="retryIteration" value="0" />
                  <property name="repeatIteration" value="0" />
                </properties>
              </test-case>
              <test-case id="1047" name="SetRatio_WithValidRatio_UpdatesHealthBarCorrectly" fullname="Tests.PlayMode.UI.UnitHealthBarTests_PlayMode.SetRatio_WithValidRatio_UpdatesHealthBarCorrectly" methodname="SetRatio_WithValidRatio_UpdatesHealthBarCorrectly" classname="Tests.PlayMode.UI.UnitHealthBarTests_PlayMode" runstate="Runnable" seed="374628204" result="Passed" start-time="2025-09-27 20:52:27Z" end-time="2025-09-27 20:52:27Z" duration="0.065750" asserts="0">
                <properties>
                  <property name="_JOINTYPE" value="UnityCombinatorial" />
                  <property name="retryIteration" value="0" />
                  <property name="repeatIteration" value="0" />
                </properties>
              </test-case>
              <test-case id="1048" name="SetRatio_WithZeroRatio_SetsHealthBarToEmpty" fullname="Tests.PlayMode.UI.UnitHealthBarTests_PlayMode.SetRatio_WithZeroRatio_SetsHealthBarToEmpty" methodname="SetRatio_WithZeroRatio_SetsHealthBarToEmpty" classname="Tests.PlayMode.UI.UnitHealthBarTests_PlayMode" runstate="Runnable" seed="986083593" result="Passed" start-time="2025-09-27 20:52:27Z" end-time="2025-09-27 20:52:27Z" duration="0.063734" asserts="0">
                <properties>
                  <property name="_JOINTYPE" value="UnityCombinatorial" />
                  <property name="retryIteration" value="0" />
                  <property name="repeatIteration" value="0" />
                </properties>
              </test-case>
            </test-suite>
            <test-suite type="TestFixture" id="1052" name="UnitViewUI_HealthAndAmount_Tests" fullname="Tests.PlayMode.UI.UnitViewUI_HealthAndAmount_Tests" classname="Tests.PlayMode.UI.UnitViewUI_HealthAndAmount_Tests" runstate="Runnable" testcasecount="2" result="Failed" site="Child" start-time="2025-09-27 20:52:27Z" end-time="2025-09-27 20:52:27Z" duration="0.057049" total="2" passed="0" failed="2" inconclusive="0" skipped="0" asserts="0">
              <properties />
              <failure>
                <message><![CDATA[One or more child tests had errors]]></message>
              </failure>
              <test-case id="1053" name="Damage_UpdatesHealthAmountText_And_HealthBarRatio" fullname="Tests.PlayMode.UI.UnitViewUI_HealthAndAmount_Tests.Damage_UpdatesHealthAmountText_And_HealthBarRatio" methodname="Damage_UpdatesHealthAmountText_And_HealthBarRatio" classname="Tests.PlayMode.UI.UnitViewUI_HealthAndAmount_Tests" runstate="Runnable" seed="537529727" result="Failed" label="Error" start-time="2025-09-27 20:52:27Z" end-time="2025-09-27 20:52:27Z" duration="0.017277" asserts="0">
                <properties>
                  <property name="_JOINTYPE" value="UnityCombinatorial" />
                  <property name="retryIteration" value="0" />
                  <property name="repeatIteration" value="0" />
                </properties>
                <failure>
                  <message><![CDATA[SetUp : System.NullReferenceException : Object reference not set to an instance of an object]]></message>
                  <stack-trace><![CDATA[--SetUp
  at UnitHealthBar.SetRatio (System.Single ratio) [0x00009] in D:\Projects\Unity\HoMM2.0\Assets\Scripts\UI\Panels\UnitHealthBar.cs:14 
  at UnitHealthBar.Init () [0x00001] in D:\Projects\Unity\HoMM2.0\Assets\Scripts\UI\Panels\UnitHealthBar.cs:18 
  at UnitViewUI.Init (UnitViewModel vm) [0x000a8] in D:\Projects\Unity\HoMM2.0\Assets\Scripts\UI\Panels\UnitViewUI.cs:36 
  at Tests.PlayMode.UI.UnitViewUI_HealthAndAmount_Tests+<SetUp>d__8.MoveNext () [0x00326] in D:\Projects\Unity\HoMM2.0\Assets\Tests\PlayMode\UI\UnitViewUI_HealthAndAmount_Tests.cs:71 
  at UnityEngine.TestTools.EnumeratorHelper+<ProgressOnEnumerator>d__5.MoveNext () [0x00029] in .\Library\PackageCache\com.unity.test-framework@0a21eb82d95c\UnityEngine.TestRunner\NUnitExtensions\Attributes\EnumeratorHelper.cs:35 
  at UnityEngine.TestTools.BeforeAfterTestCommandBase`1+<ExecuteEnumerable>d__14[T].MoveNext () [0x00180] in .\Library\PackageCache\com.unity.test-framework@0a21eb82d95c\UnityEngine.TestRunner\NUnitExtensions\Commands\BeforeAfterTestCommandBase.cs:130 ]]></stack-trace>
                </failure>
              </test-case>
              <test-case id="1054" name="LethalDamage_DecreasesAmount_ResetsHealthText_ToMax" fullname="Tests.PlayMode.UI.UnitViewUI_HealthAndAmount_Tests.LethalDamage_DecreasesAmount_ResetsHealthText_ToMax" methodname="LethalDamage_DecreasesAmount_ResetsHealthText_ToMax" classname="Tests.PlayMode.UI.UnitViewUI_HealthAndAmount_Tests" runstate="Runnable" seed="1816551370" result="Failed" label="Error" start-time="2025-09-27 20:52:27Z" end-time="2025-09-27 20:52:27Z" duration="0.019801" asserts="0">
                <properties>
                  <property name="_JOINTYPE" value="UnityCombinatorial" />
                  <property name="retryIteration" value="0" />
                  <property name="repeatIteration" value="0" />
                </properties>
                <failure>
                  <message><![CDATA[SetUp : System.NullReferenceException : Object reference not set to an instance of an object]]></message>
                  <stack-trace><![CDATA[--SetUp
  at UnitHealthBar.SetRatio (System.Single ratio) [0x00009] in D:\Projects\Unity\HoMM2.0\Assets\Scripts\UI\Panels\UnitHealthBar.cs:14 
  at UnitHealthBar.Init () [0x00001] in D:\Projects\Unity\HoMM2.0\Assets\Scripts\UI\Panels\UnitHealthBar.cs:18 
  at UnitViewUI.Init (UnitViewModel vm) [0x000a8] in D:\Projects\Unity\HoMM2.0\Assets\Scripts\UI\Panels\UnitViewUI.cs:36 
  at Tests.PlayMode.UI.UnitViewUI_HealthAndAmount_Tests+<SetUp>d__8.MoveNext () [0x00326] in D:\Projects\Unity\HoMM2.0\Assets\Tests\PlayMode\UI\UnitViewUI_HealthAndAmount_Tests.cs:71 
  at UnityEngine.TestTools.EnumeratorHelper+<ProgressOnEnumerator>d__5.MoveNext () [0x00029] in .\Library\PackageCache\com.unity.test-framework@0a21eb82d95c\UnityEngine.TestRunner\NUnitExtensions\Attributes\EnumeratorHelper.cs:35 
  at UnityEngine.TestTools.BeforeAfterTestCommandBase`1+<ExecuteEnumerable>d__14[T].MoveNext () [0x00180] in .\Library\PackageCache\com.unity.test-framework@0a21eb82d95c\UnityEngine.TestRunner\NUnitExtensions\Commands\BeforeAfterTestCommandBase.cs:130 ]]></stack-trace>
                </failure>
              </test-case>
            </test-suite>
          </test-suite>
          <test-suite type="TestFixture" id="1016" name="UI_HealthRatio_Update_Tests" fullname="Tests.PlayMode.UI_HealthRatio_Update_Tests" classname="Tests.PlayMode.UI_HealthRatio_Update_Tests" runstate="Runnable" testcasecount="10" result="Failed" site="Child" start-time="2025-09-27 20:52:27Z" end-time="2025-09-27 20:52:28Z" duration="0.233440" total="10" passed="0" failed="10" inconclusive="0" skipped="0" asserts="0">
            <properties />
            <failure>
              <message><![CDATA[One or more child tests had errors]]></message>
            </failure>
            <test-case id="1021" name="AmountText_AfterUnitDeath_UpdatesCorrectly" fullname="Tests.PlayMode.UI_HealthRatio_Update_Tests.AmountText_AfterUnitDeath_UpdatesCorrectly" methodname="AmountText_AfterUnitDeath_UpdatesCorrectly" classname="Tests.PlayMode.UI_HealthRatio_Update_Tests" runstate="Runnable" seed="1413516169" result="Failed" label="Error" start-time="2025-09-27 20:52:27Z" end-time="2025-09-27 20:52:27Z" duration="0.013621" asserts="0">
              <properties>
                <property name="_JOINTYPE" value="UnityCombinatorial" />
                <property name="retryIteration" value="0" />
                <property name="repeatIteration" value="0" />
              </properties>
              <failure>
                <message><![CDATA[SetUp : System.NullReferenceException : Object reference not set to an instance of an object]]></message>
                <stack-trace><![CDATA[--SetUp
  at UnitViewUI.UpdateHealth () [0x00019] in D:\Projects\Unity\HoMM2.0\Assets\Scripts\UI\Panels\UnitViewUI.cs:54 
  at UnitViewUI.Init (UnitViewModel vm) [0x000b4] in D:\Projects\Unity\HoMM2.0\Assets\Scripts\UI\Panels\UnitViewUI.cs:38 
  at Tests.PlayMode.UI_HealthRatio_Update_Tests+<SetUp>d__7.MoveNext () [0x00329] in D:\Projects\Unity\HoMM2.0\Assets\Tests\PlayMode\UI_HealthRatio_Update_Tests.cs:89 
[...]
  at UnityEngine.TestTools.EnumeratorHelper+<ProgressOnEnumerator>d__5.MoveNext () [0x00029] in .\Library\PackageCache\com.unity.test-framework@0a21eb82d95c\UnityEngine.TestRunner\NUnitExtensions\Attributes\EnumeratorHelper.cs:35 
  at UnityEngine.TestTools.BeforeAfterTestCommandBase`1+<ExecuteEnumerable>d__14[T].MoveNext () [0x00180] in .\Library\PackageCache\com.unity.test-framework@0a21eb82d95c\UnityEngine.TestRunner\NUnitExtensions\Commands\BeforeAfterTestCommandBase.cs:130 ]]></stack-trace>
              </failure>
              <output><![CDATA[Can't add 'TextMeshProUGUI' to HealthBar because a 'Image' is already added to the game object!
A GameObject can only contain one 'Graphic' component.
]]></output>
            </test-case>
            <test-case id="1026" name="UI_WithMultipleSmallDamages_UpdatesCorrectly" fullname="Tests.PlayMode.UI_HealthRatio_Update_Tests.UI_WithMultipleSmallDamages_UpdatesCorrectly" methodname="UI_WithMultipleSmallDamages_UpdatesCorrectly" classname="Tests.PlayMode.UI_HealthRatio_Update_Tests" runstate="Runnable" seed="1052901518" result="Failed" label="Error" start-time="2025-09-27 20:52:28Z" end-time="2025-09-27 20:52:28Z" duration="0.020802" asserts="0">
              <properties>
                <property name="_JOINTYPE" value="UnityCombinatorial" />
                <property name="retryIteration" value="0" />
                <property name="repeatIteration" value="0" />
              </properties>
              <failure>
                <message><![CDATA[SetUp : System.NullReferenceException : Object reference not set to an instance of an object]]></message>
                <stack-trace><![CDATA[--SetUp
  at UnitViewUI.UpdateHealth () [0x00019] in D:\Projects\Unity\HoMM2.0\Assets\Scripts\UI\Panels\UnitViewUI.cs:54 
  at UnitViewUI.Init (UnitViewModel vm) [0x000b4] in D:\Projects\Unity\HoMM2.0\Assets\Scripts\UI\Panels\UnitViewUI.cs:38 
  at Tests.PlayMode.UI_HealthRatio_Update_Tests+<SetUp>d__7.MoveNext () [0x00329] in D:\Projects\Unity\HoMM2.0\Assets\Tests\PlayMode\UI_HealthRatio_Update_Tests.cs:89 
  at UnityEngine.TestTools.EnumeratorHelper+<ProgressOnEnumerator>d__5.MoveNext () [0x00029] in .\Library\PackageCache\com.unity.test-framework@0a21eb82d95c\UnityEngine.TestRunner\NUnitExtensions\Attributes\EnumeratorHelper.cs:35 
  at UnityEngine.TestTools.BeforeAfterTestCommandBase`1+<ExecuteEnumerable>d__14[T].MoveNext () [0x00180] in .\Library\PackageCache\com.unity.test-framework@0a21eb82d95c\UnityEngine.TestRunner\NUnitExtensions\Commands\BeforeAfterTestCommandBase.cs:130 ]]></stack-trace>
              </failure>
              <output><![CDATA[Can't add 'TextMeshProUGUI' to HealthBar because a 'Image' is already added to the game object!
A GameObject can only contain one 'Graphic' component.
]]></output>
            </test-case>
            <test-case id="1024" name="UI_WithPartialDamage_UpdatesCorrectly" fullname="Tests.PlayMode.UI_HealthRatio_Update_Tests.UI_WithPartialDamage_UpdatesCorrectly" methodname="UI_WithPartialDamage_UpdatesCorrectly" classname="Tests.PlayMode.UI_HealthRatio_Update_Tests" runstate="Runnable" seed="735047056" result="Failed" label="Error" start-time="2025-09-27 20:52:28Z" end-time="2025-09-27 20:52:28Z" duration="0.020535" asserts="0">
              <properties>
                <property name="_JOINTYPE" value="UnityCombinatorial" />
                <property name="retryIteration" value="0" />
                <property name="repeatIteration" value="0" />
              </properties>
              <failure>
                <message><![CDATA[SetUp : System.NullReferenceException : Object reference not set to an instance of an object]]></message>
                <stack-trace><![CDATA[--SetUp
  at UnitViewUI.UpdateHealth () [0x00019] in D:\Projects\Unity\HoMM2.0\Assets\Scripts\UI\Panels\UnitViewUI.cs:54 
  at UnitViewUI.Init (UnitViewModel vm) [0x000b4] in D:\Projects\Unity\HoMM2.0\Assets\Scripts\UI\Panels\UnitViewUI.cs:38 
  at Tests.PlayMode.UI_HealthRatio_Update_Tests+<SetUp>d__7.MoveNext () [0x00329] in D:\Projects\Unity\HoMM2.0\Assets\Tests\PlayMode\UI_HealthRatio_Update_Tests.cs:89 
  at UnityEngine.TestTools.EnumeratorHelper+<ProgressOnEnumerator>d__5.MoveNext () [0x00029] in .\Library\PackageCache\com.unity.test-framework@0a21eb82d95c\UnityEngine.TestRunner\NUnitExtensions\Attributes\EnumeratorHelper.cs:35 
  at UnityEngine.TestTools.BeforeAfterTestCommandBase`1+<ExecuteEnumerable>d__14[T].MoveNext () [0x00180] in .\Library\PackageCache\com.unity.test-framework@0a21eb82d95c\UnityEngine.TestRunner\NUnitExtensions\Commands\BeforeAfterTestCommandBase.cs:130 ]]></stack-trace>
              </failure>
              <output><![CDATA[Can't add 'TextMeshProUGUI' to HealthBar because a 'Image' is already added to the game object!
A GameObject can only contain one 'Graphic' component.
]]></output>
            </test-case>
          </test-suite>
          <test-suite type="TestFixture" id="1027" name="UnitDeathBehaviorTests" fullname="Tests.PlayMode.UnitDeathBehaviorTests" classname="Tests.PlayMode.UnitDeathBehaviorTests" runstate="Runnable" testcasecount="6" result="Failed" site="Child" start-time="2025-09-27 20:52:28Z" end-time="2025-09-27 20:52:39Z" duration="11.500302" total="6" passed="2" failed="4" inconclusive="0" skipped="0" asserts="0">
            <properties />
            <failure>
              <message><![CDATA[One or more child tests had errors]]></message>
            </failure>
            <test-case id="1031" name="UnitView3D_DeathAnimation_PlaysBeforeDeactivation" fullname="Tests.PlayMode.UnitDeathBehaviorTests.UnitView3D_DeathAnimation_PlaysBeforeDeactivation" methodname="UnitView3D_DeathAnimation_PlaysBeforeDeactivation" classname="Tests.PlayMode.UnitDeathBehaviorTests" runstate="Runnable" seed="1748767870" result="Failed" start-time="2025-09-27 20:52:28Z" end-time="2025-09-27 20:52:30Z" duration="2.580614" asserts="0">
              <properties>
                <property name="_JOINTYPE" value="UnityCombinatorial" />
                <property name="retryIteration" value="0" />
                <property name="repeatIteration" value="0" />
              </properties>
              <failure>
                <message><![CDATA[  GameObject should be deactivated after death animation
  Expected: False
  But was:  True
]]></message>
                <stack-trace><![CDATA[at Tests.PlayMode.UnitDeathBehaviorTests+<UnitView3D_DeathAnimation_PlaysBeforeDeactivation>d__10.MoveNext () [0x000d7] in D:\Projects\Unity\HoMM2.0\Assets\Tests\PlayMode\UnitDeathBehaviorTests.cs:145
at UnityEngine.TestTools.TestEnumerator+<Execute>d__7.MoveNext () [0x0004e] in .\Library\PackageCache\com.unity.test-framework@0a21eb82d95c\UnityEngine.TestRunner\NUnitExtensions\Attributes\TestEnumerator.cs:44
]]></stack-trace>
              </failure>
              <output><![CDATA[Can't add component 'Animator' to TestUnit because such a component is already added to the game object!
unitViewUI null ref
]]></output>
            </test-case>
            <test-case id="1032" name="UnitView3D_EventHandling_WorksCorrectly" fullname="Tests.PlayMode.UnitDeathBehaviorTests.UnitView3D_EventHandling_WorksCorrectly" methodname="UnitView3D_EventHandling_WorksCorrectly" classname="Tests.PlayMode.UnitDeathBehaviorTests" runstate="Runnable" seed="704361980" result="Passed" start-time="2025-09-27 20:52:30Z" end-time="2025-09-27 20:52:31Z" duration="0.281619" asserts="0">
              <properties>
                <property name="_JOINTYPE" value="UnityCombinatorial" />
                <property name="retryIteration" value="0" />
                <property name="repeatIteration" value="0" />
              </properties>
              <output><![CDATA[Can't add component 'Animator' to TestUnit because such a component is already added to the game object!
unitViewUI null ref
]]></output>
            </test-case>
            <test-case id="1030" name="UnitView3D_FullDeath_DeactivatesGameObject" fullname="Tests.PlayMode.UnitDeathBehaviorTests.UnitView3D_FullDeath_DeactivatesGameObject" methodname="UnitView3D_FullDeath_DeactivatesGameObject" classname="Tests.PlayMode.UnitDeathBehaviorTests" runstate="Runnable" seed="775231841" result="Failed" start-time="2025-09-27 20:52:31Z" end-time="2025-09-27 20:52:33Z" duration="2.082407" asserts="0">
              <properties>
                <property name="_JOINTYPE" value="UnityCombinatorial" />
                <property name="retryIteration" value="0" />
                <property name="repeatIteration" value="0" />
              </properties>
              <failure>
                <message><![CDATA[  GameObject should be deactivated after unit death
  Expected: False
  But was:  True
]]></message>
                <stack-trace><![CDATA[at Tests.PlayMode.UnitDeathBehaviorTests+<UnitView3D_FullDeath_DeactivatesGameObject>d__9.MoveNext () [0x00069] in D:\Projects\Unity\HoMM2.0\Assets\Tests\PlayMode\UnitDeathBehaviorTests.cs:120
at UnityEngine.TestTools.TestEnumerator+<Execute>d__7.MoveNext () [0x0004e] in .\Library\PackageCache\com.unity.test-framework@0a21eb82d95c\UnityEngine.TestRunner\NUnitExtensions\Attributes\TestEnumerator.cs:44
]]></stack-trace>
              </failure>
              <output><![CDATA[Can't add component 'Animator' to TestUnit because such a component is already added to the game object!
unitViewUI null ref
]]></output>
            </test-case>
            <test-case id="1033" name="UnitView3D_MultipleAttacks_HandlesCorrectly" fullname="Tests.PlayMode.UnitDeathBehaviorTests.UnitView3D_MultipleAttacks_HandlesCorrectly" methodname="UnitView3D_MultipleAttacks_HandlesCorrectly" classname="Tests.PlayMode.UnitDeathBehaviorTests" runstate="Runnable" seed="213649028" result="Failed" start-time="2025-09-27 20:52:33Z" end-time="2025-09-27 20:52:35Z" duration="2.392600" asserts="0">
              <properties>
                <property name="_JOINTYPE" value="UnityCombinatorial" />
                <property name="retryIteration" value="0" />
                <property name="repeatIteration" value="0" />
              </properties>
              <failure>
                <message><![CDATA[  GameObject should be deactivated after lethal attack
  Expected: False
  But was:  True
]]></message>
                <stack-trace><![CDATA[at Tests.PlayMode.UnitDeathBehaviorTests+<UnitView3D_MultipleAttacks_HandlesCorrectly>d__12.MoveNext () [0x001d6] in D:\Projects\Unity\HoMM2.0\Assets\Tests\PlayMode\UnitDeathBehaviorTests.cs:210
at UnityEngine.TestTools.TestEnumerator+<Execute>d__7.MoveNext () [0x0004e] in .\Library\PackageCache\com.unity.test-framework@0a21eb82d95c\UnityEngine.TestRunner\NUnitExtensions\Attributes\TestEnumerator.cs:44
]]></stack-trace>
              </failure>
              <output><![CDATA[Can't add component 'Animator' to TestUnit because such a component is already added to the game object!
unitViewUI null ref
]]></output>
            </test-case>
            <test-case id="1028" name="UnitView3D_NonLethalDamage_KeepsGameObjectActive" fullname="Tests.PlayMode.UnitDeathBehaviorTests.UnitView3D_NonLethalDamage_KeepsGameObjectActive" methodname="UnitView3D_NonLethalDamage_KeepsGameObjectActive" classname="Tests.PlayMode.UnitDeathBehaviorTests" runstate="Runnable" seed="1887536829" result="Passed" start-time="2025-09-27 20:52:35Z" end-time="2025-09-27 20:52:37Z" duration="2.068709" asserts="0">
              <properties>
                <property name="_JOINTYPE" value="UnityCombinatorial" />
                <property name="retryIteration" value="0" />
                <property name="repeatIteration" value="0" />
              </properties>
              <output><![CDATA[Can't add component 'Animator' to TestUnit because such a component is already added to the game object!
unitViewUI null ref
]]></output>
            </test-case>
            <test-case id="1029" name="UnitView3D_PartialStackDeath_KeepsGameObjectActive" fullname="Tests.PlayMode.UnitDeathBehaviorTests.UnitView3D_PartialStackDeath_KeepsGameObjectActive" methodname="UnitView3D_PartialStackDeath_KeepsGameObjectActive" classname="Tests.PlayMode.UnitDeathBehaviorTests" runstate="Runnable" seed="129763431" result="Failed" start-time="2025-09-27 20:52:37Z" end-time="2025-09-27 20:52:39Z" duration="2.072868" asserts="0">
              <properties>
                <property name="_JOINTYPE" value="UnityCombinatorial" />
                <property name="retryIteration" value="0" />
                <property name="repeatIteration" value="0" />
              </properties>
              <failure>
                <message><![CDATA[  Remaining unit should have full health
  Expected: 100
  But was:  50
]]></message>
                <stack-trace><![CDATA[at Tests.PlayMode.UnitDeathBehaviorTests+<UnitView3D_PartialStackDeath_KeepsGameObjectActive>d__8.MoveNext () [0x000e5] in D:\Projects\Unity\HoMM2.0\Assets\Tests\PlayMode\UnitDeathBehaviorTests.cs:104
at UnityEngine.TestTools.TestEnumerator+<Execute>d__7.MoveNext () [0x0004e] in .\Library\PackageCache\com.unity.test-framework@0a21eb82d95c\UnityEngine.TestRunner\NUnitExtensions\Attributes\TestEnumerator.cs:44
]]></stack-trace>
              </failure>
              <output><![CDATA[Can't add component 'Animator' to TestUnit because such a component is already added to the game object!
unitViewUI null ref
]]></output>
            </test-case>
          </test-suite>
          <test-suite type="TestSuite" id="1095" name="Views" fullname="Tests.PlayMode.Views" runstate="Runnable" testcasecount="4" result="Failed" site="Child" start-time="2025-09-27 20:52:39Z" end-time="2025-09-27 20:52:41Z" duration="1.922902" total="4" passed="3" failed="1" inconclusive="0" skipped="0" asserts="0">
            <properties />
            <failure>
              <message><![CDATA[One or more child tests had errors]]></message>
            </failure>
            <test-suite type="TestFixture" id="1075" name="GameView3D_PlayModeTests" fullname="Tests.PlayMode.Views.GameView3D_PlayModeTests" classname="Tests.PlayMode.Views.GameView3D_PlayModeTests" runstate="Runnable" testcasecount="1" result="Passed" start-time="2025-09-27 20:52:39Z" end-time="2025-09-27 20:52:39Z" duration="0.045097" total="1" passed="1" failed="0" inconclusive="0" skipped="0" asserts="0">
              <properties />
              <test-case id="1076" name="HandleHover_InvokesHover_OnGameViewObject" fullname="Tests.PlayMode.Views.GameView3D_PlayModeTests.HandleHover_InvokesHover_OnGameViewObject" methodname="HandleHover_InvokesHover_OnGameViewObject" classname="Tests.PlayMode.Views.GameView3D_PlayModeTests" runstate="Runnable" seed="2080053636" result="Passed" start-time="2025-09-27 20:52:39Z" end-time="2025-09-27 20:52:39Z" duration="0.033933" asserts="0">
                <properties>
                  <property name="_JOINTYPE" value="UnityCombinatorial" />
                  <property name="retryIteration" value="0" />
                  <property name="repeatIteration" value="0" />
                </properties>
                <output><![CDATA[Hoverable HandleGameViewObjectHovered
]]></output>
              </test-case>
            </test-suite>
            <test-suite type="TestFixture" id="1077" name="UnitView3D_PlayModeTests" fullname="Tests.PlayMode.Views.UnitView3D_PlayModeTests" classname="Tests.PlayMode.Views.UnitView3D_PlayModeTests" runstate="Runnable" testcasecount="3" result="Failed" site="Child" start-time="2025-09-27 20:52:39Z" end-time="2025-09-27 20:52:41Z" duration="1.856497" total="3" passed="2" failed="1" inconclusive="0" skipped="0" asserts="0">
              <properties />
              <failure>
                <message><![CDATA[One or more child tests had errors]]></message>
              </failure>
              <test-case id="1080" name="HandleDeath_Deactivates_WhenAmountBecomesZero" fullname="Tests.PlayMode.Views.UnitView3D_PlayModeTests.HandleDeath_Deactivates_WhenAmountBecomesZero" methodname="HandleDeath_Deactivates_WhenAmountBecomesZero" classname="Tests.PlayMode.Views.UnitView3D_PlayModeTests" runstate="Runnable" seed="1905177096" result="Passed" start-time="2025-09-27 20:52:39Z" end-time="2025-09-27 20:52:41Z" duration="1.685301" asserts="0">
                <properties>
                  <property name="_JOINTYPE" value="UnityCombinatorial" />
                  <property name="retryIteration" value="0" />
                  <property name="repeatIteration" value="0" />
                </properties>
                <output><![CDATA[unitViewUI null ref
[UnitView3D Debug] Unit Death
[UnitView3D Debug] Action Enqueued. Queue Count: 1
[UnitView3D Debug] Action Processing Started
[UnitView3D Debug] Executing Action. Remaining: 0
[UnitView3D Debug] Handling Death Animation
Animator is not playing an AnimatorController
[UnitView3D Debug] Animation Trigger Set: Die
[UnitView3D Debug] Unit Deactivated
]]></output>
              </test-case>
              <test-case id="1079" name="HandleHit_PlaysHitAnimation" fullname="Tests.PlayMode.Views.UnitView3D_PlayModeTests.HandleHit_PlaysHitAnimation" methodname="HandleHit_PlaysHitAnimation" classname="Tests.PlayMode.Views.UnitView3D_PlayModeTests" runstate="Runnable" seed="724252495" result="Passed" start-time="2025-09-27 20:52:41Z" end-time="2025-09-27 20:52:41Z" duration="0.072561" asserts="0">
                <properties>
                  <property name="_JOINTYPE" value="UnityCombinatorial" />
                  <property name="retryIteration" value="0" />
                  <property name="repeatIteration" value="0" />
                </properties>
                <reason>
                  <message><![CDATA[]]></message>
                </reason>
                <output><![CDATA[unitViewUI null ref
[UnitView3D Debug] Unit Hit
[UnitView3D Debug] Action Enqueued. Queue Count: 1
[UnitView3D Debug] Action Processing Started
[UnitView3D Debug] Executing Action. Remaining: 0
[UnitView3D Debug] Playing Animation: Hit
Animator is not playing an AnimatorController
[UnitView3D Debug] Animation Trigger Set: Hit
[UnitView3D Debug] Action Processing Finished
]]></output>
              </test-case>
              <test-case id="1078" name="Hover_Unhover_ChangesMaterialSafely" fullname="Tests.PlayMode.Views.UnitView3D_PlayModeTests.Hover_Unhover_ChangesMaterialSafely" methodname="Hover_Unhover_ChangesMaterialSafely" classname="Tests.PlayMode.Views.UnitView3D_PlayModeTests" runstate="Runnable" seed="631049722" result="Failed" label="Error" start-time="2025-09-27 20:52:41Z" end-time="2025-09-27 20:52:41Z" duration="0.051927" asserts="0">
                <properties>
                  <property name="_JOINTYPE" value="UnityCombinatorial" />
                  <property name="retryIteration" value="0" />
                  <property name="repeatIteration" value="0" />
                </properties>
                <failure>
                  <message><![CDATA[System.NullReferenceException : Object reference not set to an instance of an object]]></message>
                  <stack-trace><![CDATA[  at UnitView3D.Hover () [0x0000d] in D:\Projects\Unity\HoMM2.0\Assets\Scripts\Game\GridContents\Units\View\UnitView3D.cs:244 
  at Tests.PlayMode.Views.UnitView3D_PlayModeTests+<Hover_Unhover_ChangesMaterialSafely>d__6.MoveNext () [0x0002b] in D:\Projects\Unity\HoMM2.0\Assets\Tests\PlayMode\UnitView3D_PlayModeTests.cs:44 
  at UnityEngine.TestTools.TestEnumerator+<Execute>d__7.MoveNext () [0x0004e] in .\Library\PackageCache\com.unity.test-framework@0a21eb82d95c\UnityEngine.TestRunner\NUnitExtensions\Attributes\TestEnumerator.cs:44 ]]></stack-trace>
                </failure>
                <output><![CDATA[unitViewUI null ref
[UnitView3D Debug] Unit Hovered
Saving results to: C:/Users/vladp/AppData/LocalLow/DefaultCompany/HoMM2_0\TestResults.xml
]]></output>
              </test-case>
            </test-suite>
          </test-suite>
        </test-suite>
      </test-suite>
    </test-suite>
  </test-suite>
</test-run>